[35m[1mScanning dependencies of target img_proc_node[0m
[ 50%] [32mBuilding CXX object CMakeFiles/img_proc_node.dir/src/img_proc_node.cpp.o[0m
[01m[K/home/tahnt/mech_devel/f1t_mech_ws/src/img_proc/src/img_proc_node.cpp:[m[K In member function â€˜[01m[Kcv::Mat ImageProcessor::waypointGen(cv::Mat&)[m[Kâ€™:
[01m[K/home/tahnt/mech_devel/f1t_mech_ws/src/img_proc/src/img_proc_node.cpp:209:24:[m[K [01;35m[Kwarning: [m[Kcomparison of integer expressions of different signedness: â€˜[01m[Kint[m[Kâ€™ and â€˜[01m[Kstd::vector<std::vector<cv::Point_<int> > >::size_type[m[Kâ€™ {aka â€˜[01m[Klong unsigned int[m[Kâ€™} [[01;35m[K-Wsign-compare[m[K]
  209 |         for (int i=0; [01;35m[Ki<contours.size()[m[K; i++)
      |                       [01;35m[K~^~~~~~~~~~~~~~~~[m[K
[01m[K/home/tahnt/mech_devel/f1t_mech_ws/src/img_proc/src/img_proc_node.cpp:233:93:[m[K [01;31m[Kerror: [m[Kâ€˜[01m[Kd[m[Kâ€™ was not declared in this scope
  233 | :Point(contour_img.size().height/2, contour_img.size().width/[01;31m[Kd[m[K), 3, cv::Scalar(0,0,255),2);
      |                                                              [01;31m[K^[m[K

make[2]: *** [CMakeFiles/img_proc_node.dir/build.make:63: CMakeFiles/img_proc_node.dir/src/img_proc_node.cpp.o] Error 1
make[1]: *** [CMakeFiles/Makefile2:78: CMakeFiles/img_proc_node.dir/all] Error 2
make: *** [Makefile:141: all] Error 2
