[0.128s] Invoking command in '/home/f1t/mech_devel/f1t_mech_ws/build/img_proc': CMAKE_PREFIX_PATH=${CMAKE_PREFIX_PATH}:/opt/ros/galactic /usr/bin/cmake --build /home/f1t/mech_devel/f1t_mech_ws/build/img_proc -- -j6 -l6
[0.425s] [35m[1mScanning dependencies of target img_proc_node[0m
[0.763s] [ 50%] [32mBuilding CXX object CMakeFiles/img_proc_node.dir/src/img_proc_node.cpp.o[0m
[15.674s] [01m[K/home/f1t/mech_devel/f1t_mech_ws/src/img_proc/src/img_proc_node.cpp:[m[K In member function â€˜[01m[Kvoid ImageProcessor::parseParameters()[m[Kâ€™:
[15.675s] [01m[K/home/f1t/mech_devel/f1t_mech_ws/src/img_proc/src/img_proc_node.cpp:14:40:[m[K [01;31m[Kerror: [m[Kâ€˜[01m[Kerode_size1_[m[Kâ€™ was not declared in this scope
[15.675s]    14 |     this->get_parameter("erode_size1", [01;31m[Kerode_size1_[m[K);
[15.676s]       |                                        [01;31m[K^~~~~~~~~~~~[m[K
[15.702s] [01m[K/home/f1t/mech_devel/f1t_mech_ws/src/img_proc/src/img_proc_node.cpp:17:40:[m[K [01;31m[Kerror: [m[Kâ€˜[01m[Kerode_size2_[m[Kâ€™ was not declared in this scope
[15.703s]    17 |     this->get_parameter("erode_size2", [01;31m[Kerode_size2_[m[K);
[15.703s]       |                                        [01;31m[K^~~~~~~~~~~~[m[K
[15.732s] [01m[K/home/f1t/mech_devel/f1t_mech_ws/src/img_proc/src/img_proc_node.cpp:21:41:[m[K [01;31m[Kerror: [m[Kâ€˜[01m[Kdilate_size1_[m[Kâ€™ was not declared in this scope
[15.734s]    21 |     this->get_parameter("dilate_size1", [01;31m[Kdilate_size1_[m[K);
[15.735s]       |                                         [01;31m[K^~~~~~~~~~~~~[m[K
[15.761s] [01m[K/home/f1t/mech_devel/f1t_mech_ws/src/img_proc/src/img_proc_node.cpp:24:41:[m[K [01;31m[Kerror: [m[Kâ€˜[01m[Kdilate_size2_[m[Kâ€™ was not declared in this scope
[15.763s]    24 |     this->get_parameter("dilate_size2", [01;31m[Kdilate_size2_[m[K);
[15.764s]       |                                         [01;31m[K^~~~~~~~~~~~~[m[K
[27.379s] make[2]: *** [CMakeFiles/img_proc_node.dir/build.make:63: CMakeFiles/img_proc_node.dir/src/img_proc_node.cpp.o] Error 1
[27.380s] make[1]: *** [CMakeFiles/Makefile2:78: CMakeFiles/img_proc_node.dir/all] Error 2
[27.381s] make: *** [Makefile:141: all] Error 2
[27.395s] Invoked command in '/home/f1t/mech_devel/f1t_mech_ws/build/img_proc' returned '2': CMAKE_PREFIX_PATH=${CMAKE_PREFIX_PATH}:/opt/ros/galactic /usr/bin/cmake --build /home/f1t/mech_devel/f1t_mech_ws/build/img_proc -- -j6 -l6
