[01m[K/home/f1t/mech_devel/f1t_mech_ws/src/img_proc/src/img_proc_node.cpp:88:6:[m[K [01;31m[Kerror: [m[Kâ€˜[01m[KImagePubSub[m[Kâ€™ has not been declared
   88 | void [01;31m[KImagePubSub[m[K::erosionDilation(cv::Mat& img)
      |      [01;31m[K^~~~~~~~~~~[m[K
[01m[K/home/f1t/mech_devel/f1t_mech_ws/src/img_proc/src/img_proc_node.cpp:[m[K In function â€˜[01m[Kvoid erosionDilation(cv::Mat&)[m[Kâ€™:
[01m[K/home/f1t/mech_devel/f1t_mech_ws/src/img_proc/src/img_proc_node.cpp:90:77:[m[K [01;31m[Kerror: [m[Kâ€˜[01m[Kerode_size_[m[Kâ€™ was not declared in this scope
   90 | s_elem=cv::getStructuringElement(cv::MORPH_RECT,cv::Size(int([01;31m[Kerode_size_[m[K[0]),int(erode_size_[1]))); //Errosion Element
      |                                                              [01;31m[K^~~~~~~~~~~[m[K

[01m[K/home/f1t/mech_devel/f1t_mech_ws/src/img_proc/src/img_proc_node.cpp:91:77:[m[K [01;31m[Kerror: [m[Kâ€˜[01m[Kdilate_size_[m[Kâ€™ was not declared in this scope
   91 | l_elem=cv::getStructuringElement(cv::MORPH_RECT,cv::Size(int([01;31m[Kdilate_size_[m[K[0]),int(dilate_size_[1]))); //Dilation Element
      |                                                              [01;31m[K^~~~~~~~~~~~[m[K

make[2]: *** [CMakeFiles/img_proc_node.dir/build.make:63: CMakeFiles/img_proc_node.dir/src/img_proc_node.cpp.o] Error 1
make[1]: *** [CMakeFiles/Makefile2:78: CMakeFiles/img_proc_node.dir/all] Error 2
make: *** [Makefile:141: all] Error 2
