[0.109s] Invoking command in '/home/f1t/mech_devel/f1t_mech_ws/build/img_proc': CMAKE_PREFIX_PATH=${CMAKE_PREFIX_PATH}:/opt/ros/galactic /usr/bin/cmake --build /home/f1t/mech_devel/f1t_mech_ws/build/img_proc -- -j6 -l6
[0.406s] [35m[1mScanning dependencies of target img_proc_node[0m
[0.795s] [ 50%] [32mBuilding CXX object CMakeFiles/img_proc_node.dir/src/img_proc_node.cpp.o[0m
[17.307s] [01m[K/home/f1t/mech_devel/f1t_mech_ws/src/img_proc/src/img_proc_node.cpp:88:6:[m[K [01;31m[Kerror: [m[Kâ€˜[01m[KImagePubSub[m[Kâ€™ has not been declared
[17.309s]    88 | void [01;31m[KImagePubSub[m[K::erosionDilation(cv::Mat& img)
[17.311s]       |      [01;31m[K^~~~~~~~~~~[m[K
[17.329s] [01m[K/home/f1t/mech_devel/f1t_mech_ws/src/img_proc/src/img_proc_node.cpp:[m[K In function â€˜[01m[Kvoid erosionDilation(cv::Mat&)[m[Kâ€™:
[17.330s] [01m[K/home/f1t/mech_devel/f1t_mech_ws/src/img_proc/src/img_proc_node.cpp:90:77:[m[K [01;31m[Kerror: [m[Kâ€˜[01m[Kerode_size_[m[Kâ€™ was not declared in this scope
[17.332s]    90 | s_elem=cv::getStructuringElement(cv::MORPH_RECT,cv::Size(int([01;31m[Kerode_size_[m[K[0]),int(erode_size_[1]))); //Errosion Element
[17.333s]       |                                                              [01;31m[K^~~~~~~~~~~[m[K
[17.335s] 
[17.350s] [01m[K/home/f1t/mech_devel/f1t_mech_ws/src/img_proc/src/img_proc_node.cpp:91:77:[m[K [01;31m[Kerror: [m[Kâ€˜[01m[Kdilate_size_[m[Kâ€™ was not declared in this scope
[17.351s]    91 | l_elem=cv::getStructuringElement(cv::MORPH_RECT,cv::Size(int([01;31m[Kdilate_size_[m[K[0]),int(dilate_size_[1]))); //Dilation Element
[17.355s]       |                                                              [01;31m[K^~~~~~~~~~~~[m[K
[17.356s] 
[29.812s] make[2]: *** [CMakeFiles/img_proc_node.dir/build.make:63: CMakeFiles/img_proc_node.dir/src/img_proc_node.cpp.o] Error 1
[29.814s] make[1]: *** [CMakeFiles/Makefile2:78: CMakeFiles/img_proc_node.dir/all] Error 2
[29.817s] make: *** [Makefile:141: all] Error 2
[29.829s] Invoked command in '/home/f1t/mech_devel/f1t_mech_ws/build/img_proc' returned '2': CMAKE_PREFIX_PATH=${CMAKE_PREFIX_PATH}:/opt/ros/galactic /usr/bin/cmake --build /home/f1t/mech_devel/f1t_mech_ws/build/img_proc -- -j6 -l6
