[35m[1mScanning dependencies of target img_proc_node[0m
[ 50%] [32mBuilding CXX object CMakeFiles/img_proc_node.dir/src/img_proc_node.cpp.o[0m
[01m[K/home/f1t/mech_devel/f1t_mech_ws/src/img_proc/src/img_proc_node.cpp:[m[K In member function â€˜[01m[Kcv::Mat ImageProcessor::waypointGen(cv::Mat&)[m[Kâ€™:
[01m[K/home/f1t/mech_devel/f1t_mech_ws/src/img_proc/src/img_proc_node.cpp:182:5:[m[K [01;31m[Kerror: [m[Kâ€˜[01m[Kimg_clone[m[Kâ€™ was not declared in this scope
  182 |     [01;31m[Kimg_clone[m[K = img.clone();
      |     [01;31m[K^~~~~~~~~[m[K
[01m[K/home/f1t/mech_devel/f1t_mech_ws/src/img_proc/src/img_proc_node.cpp:219:39:[m[K [01;31m[Kerror: [m[Kâ€˜[01m[Kcnt[m[Kâ€™ was not declared in this scope; did you mean â€˜[01m[Kint[m[Kâ€™?
  219 |     cv::RotatedRect box = minAreaRect([01;31m[Kcnt[m[K);
      |                                       [01;31m[K^~~[m[K
      |                                       [32m[Kint[m[K
[01m[K/home/f1t/mech_devel/f1t_mech_ws/src/img_proc/src/img_proc_node.cpp:219:27:[m[K [01;31m[Kerror: [m[Kâ€˜[01m[KminAreaRect[m[Kâ€™ was not declared in this scope; did you mean â€˜[01m[Kcv::minAreaRect[m[Kâ€™?
  219 |     cv::RotatedRect box = [01;31m[KminAreaRect[m[K(cnt);
      |                           [01;31m[K^~~~~~~~~~~[m[K
      |                           [32m[Kcv::minAreaRect[m[K
In file included from [01m[K/usr/include/opencv4/opencv2/opencv.hpp:74[m[K,
                 from [01m[K/home/f1t/mech_devel/f1t_mech_ws/src/img_proc/src/img_proc_node.h:3[m[K,
                 from [01m[K/home/f1t/mech_devel/f1t_mech_ws/src/img_proc/src/img_proc_node.cpp:1[m[K:
[01m[K/usr/include/opencv4/opencv2/imgproc.hpp:4003:26:[m[K [01;36m[Knote: [m[Kâ€˜[01m[Kcv::minAreaRect[m[Kâ€™ declared here
 4003 | CV_EXPORTS_W RotatedRect [01;36m[KminAreaRect[m[K( InputArray points );
      |                          [01;36m[K^~~~~~~~~~~[m[K
make[2]: *** [CMakeFiles/img_proc_node.dir/build.make:63: CMakeFiles/img_proc_node.dir/src/img_proc_node.cpp.o] Error 1
make[1]: *** [CMakeFiles/Makefile2:78: CMakeFiles/img_proc_node.dir/all] Error 2
make: *** [Makefile:141: all] Error 2
