-- Found ament_cmake: 1.1.6 (/opt/ros/galactic/share/ament_cmake/cmake)
-- Using PYTHON_EXECUTABLE: /usr/bin/python3
-- Found rclcpp: 9.2.2 (/opt/ros/galactic/share/rclcpp/cmake)
-- Using all available rosidl_typesupport_c: rosidl_typesupport_fastrtps_c;rosidl_typesupport_introspection_c
-- Found rosidl_adapter: 2.2.3 (/opt/ros/galactic/share/rosidl_adapter/cmake)
-- Using all available rosidl_typesupport_cpp: rosidl_typesupport_fastrtps_cpp;rosidl_typesupport_introspection_cpp
-- Found rmw_implementation_cmake: 3.3.1 (/opt/ros/galactic/share/rmw_implementation_cmake/cmake)
-- Found rmw_cyclonedds_cpp: 0.22.6 (/opt/ros/galactic/share/rmw_cyclonedds_cpp/cmake)
-- Using RMW implementation 'rmw_cyclonedds_cpp' as default
-- Found sensor_msgs: 2.2.4 (/opt/ros/galactic/share/sensor_msgs/cmake)
-- Found cv_bridge: 3.1.3 (/opt/ros/galactic/share/cv_bridge/cmake)
-- Found mech_msg: 0.0.0 (/home/tahnt/mech_devel/f1t_mech_ws/install/mech_msg/share/mech_msg/cmake)
-- Configuring done
-- Generating done
-- Build files have been written to: /home/tahnt/mech_devel/f1t_mech_ws/build/img_proc
[35m[1mScanning dependencies of target img_proc_node[0m
[ 50%] [32mBuilding CXX object CMakeFiles/img_proc_node.dir/src/img_proc_node.cpp.o[0m
In file included from [01m[K/home/tahnt/mech_devel/f1t_mech_ws/src/img_proc/src/img_proc_node.cpp:1[m[K:
[01m[K/home/tahnt/mech_devel/f1t_mech_ws/src/img_proc/src/img_proc_node.h:54:23:[m[K [01;31m[Kerror: [m[Kâ€˜[01m[Kmech_msg[m[Kâ€™ was not declared in this scope
   54 |     rclcpp::Publisher<[01;31m[Kmech_msg[m[K::msg::LatErr>::SharedPtr publisher_le_;
      |                       [01;31m[K^~~~~~~~[m[K
[01m[K/home/tahnt/mech_devel/f1t_mech_ws/src/img_proc/src/img_proc_node.h:54:44:[m[K [01;31m[Kerror: [m[Ktemplate argument 1 is invalid
   54 |     rclcpp::Publisher<mech_msg::msg::LatErr[01;31m[K>[m[K::SharedPtr publisher_le_;
      |                                            [01;31m[K^[m[K
[01m[K/home/tahnt/mech_devel/f1t_mech_ws/src/img_proc/src/img_proc_node.h:54:47:[m[K [01;31m[Kerror: [m[Kexpected â€˜[01m[K;[m[Kâ€™ at end of member declaration
   54 |     rclcpp::Publisher<mech_msg::msg::LatErr>::[01;31m[KSharedPtr[m[K publisher_le_;
      |                                               [01;31m[K^~~~~~~~~[m[K
      |                                                        [32m[K;[m[K
[01m[K/home/tahnt/mech_devel/f1t_mech_ws/src/img_proc/src/img_proc_node.h:54:57:[m[K [01;31m[Kerror: [m[Kâ€˜[01m[Kpublisher_le_[m[Kâ€™ does not name a type
   54 |     rclcpp::Publisher<mech_msg::msg::LatErr>::SharedPtr [01;31m[Kpublisher_le_[m[K;
      |                                                         [01;31m[K^~~~~~~~~~~~~[m[K
[01m[K/home/tahnt/mech_devel/f1t_mech_ws/src/img_proc/src/img_proc_node.h:55:23:[m[K [01;31m[Kerror: [m[Kâ€˜[01m[Kmech_msg[m[Kâ€™ was not declared in this scope
   55 |     rclcpp::Publisher<[01;31m[Kmech_msg[m[K::msg::YawErr>::SharedPtr publisher_ye_;
      |                       [01;31m[K^~~~~~~~[m[K
[01m[K/home/tahnt/mech_devel/f1t_mech_ws/src/img_proc/src/img_proc_node.h:55:44:[m[K [01;31m[Kerror: [m[Ktemplate argument 1 is invalid
   55 |     rclcpp::Publisher<mech_msg::msg::YawErr[01;31m[K>[m[K::SharedPtr publisher_ye_;
      |                                            [01;31m[K^[m[K
[01m[K/home/tahnt/mech_devel/f1t_mech_ws/src/img_proc/src/img_proc_node.h:55:47:[m[K [01;31m[Kerror: [m[Kexpected â€˜[01m[K;[m[Kâ€™ at end of member declaration
   55 |     rclcpp::Publisher<mech_msg::msg::YawErr>::[01;31m[KSharedPtr[m[K publisher_ye_;
      |                                               [01;31m[K^~~~~~~~~[m[K
      |                                                        [32m[K;[m[K
[01m[K/home/tahnt/mech_devel/f1t_mech_ws/src/img_proc/src/img_proc_node.h:55:47:[m[K [01;31m[Kerror: [m[Kredeclaration of â€˜[01m[Kint ImageProcessor::SharedPtr[m[Kâ€™
[01m[K/home/tahnt/mech_devel/f1t_mech_ws/src/img_proc/src/img_proc_node.h:54:47:[m[K [01;36m[Knote: [m[Kprevious declaration â€˜[01m[Kint ImageProcessor::SharedPtr[m[Kâ€™
   54 |     rclcpp::Publisher<mech_msg::msg::LatErr>::[01;36m[KSharedPtr[m[K publisher_le_;
      |                                               [01;36m[K^~~~~~~~~[m[K
[01m[K/home/tahnt/mech_devel/f1t_mech_ws/src/img_proc/src/img_proc_node.h:55:57:[m[K [01;31m[Kerror: [m[Kâ€˜[01m[Kpublisher_ye_[m[Kâ€™ does not name a type
   55 |     rclcpp::Publisher<mech_msg::msg::YawErr>::SharedPtr [01;31m[Kpublisher_ye_[m[K;
      |                                                         [01;31m[K^~~~~~~~~~~~~[m[K
[01m[K/home/tahnt/mech_devel/f1t_mech_ws/src/img_proc/src/img_proc_node.h:[m[K In constructor â€˜[01m[KImageProcessor::ImageProcessor()[m[Kâ€™:
[01m[K/home/tahnt/mech_devel/f1t_mech_ws/src/img_proc/src/img_proc_node.h:29:9:[m[K [01;31m[Kerror: [m[Kâ€˜[01m[Kpublisher_le_[m[Kâ€™ was not declared in this scope
   29 |         [01;31m[Kpublisher_le_[m[K = this->create_publisher<mech_msg::msg::LatErr>("lat_err",10);
      |         [01;31m[K^~~~~~~~~~~~~[m[K
[01m[K/home/tahnt/mech_devel/f1t_mech_ws/src/img_proc/src/img_proc_node.h:29:48:[m[K [01;31m[Kerror: [m[Kâ€˜[01m[Kmech_msg[m[Kâ€™ was not declared in this scope
   29 |         publisher_le_ = this->create_publisher<[01;31m[Kmech_msg[m[K::msg::LatErr>("lat_err",10);
      |                                                [01;31m[K^~~~~~~~[m[K
[01m[K/home/tahnt/mech_devel/f1t_mech_ws/src/img_proc/src/img_proc_node.h:29:31:[m[K [01;31m[Kerror: [m[Kparse error in template argument list
   29 |         publisher_le_ = this->[01;31m[Kcreate_publisher<mech_msg::msg::LatErr>[m[K("lat_err",10);
      |                               [01;31m[K^~~~~~~~~~~~~~~~~~~~~~~~~~~~~~~~~~~~~~~[m[K
[01m[K/home/tahnt/mech_devel/f1t_mech_ws/src/img_proc/src/img_proc_node.h:29:83:[m[K [01;31m[Kerror: [m[Kno matching function for call to â€˜[01m[KImageProcessor::create_publisher<<expression error> >(const char [8], int)[m[Kâ€™
   29 | = this->create_publisher<mech_msg::msg::LatErr>("lat_err",10[01;31m[K)[m[K;
      |                                                             [01;31m[K^[m[K

In file included from [01m[K/opt/ros/galactic/include/rclcpp/executors/single_threaded_executor.hpp:28[m[K,
                 from [01m[K/opt/ros/galactic/include/rclcpp/executors.hpp:22[m[K,
                 from [01m[K/opt/ros/galactic/include/rclcpp/rclcpp.hpp:156[m[K,
                 from [01m[K/home/tahnt/mech_devel/f1t_mech_ws/src/img_proc/src/img_proc_node.h:4[m[K,
                 from [01m[K/home/tahnt/mech_devel/f1t_mech_ws/src/img_proc/src/img_proc_node.cpp:1[m[K:
[01m[K/opt/ros/galactic/include/rclcpp/node.hpp:200:3:[m[K [01;36m[Knote: [m[Kcandidate: â€˜[01m[Ktemplate<class MessageT, class AllocatorT, class PublisherT> std::shared_ptr<PublisherT> rclcpp::Node::create_publisher(const string&, const rclcpp::QoS&, const rclcpp::PublisherOptionsWithAllocator<AllocatorT>&)[m[Kâ€™
  200 |   [01;36m[Kcreate_publisher[m[K(
      |   [01;36m[K^~~~~~~~~~~~~~~~[m[K
[01m[K/opt/ros/galactic/include/rclcpp/node.hpp:200:3:[m[K [01;36m[Knote: [m[K  template argument deduction/substitution failed:
In file included from [01m[K/home/tahnt/mech_devel/f1t_mech_ws/src/img_proc/src/img_proc_node.cpp:1[m[K:
[01m[K/home/tahnt/mech_devel/f1t_mech_ws/src/img_proc/src/img_proc_node.h:29:83:[m[K [01;31m[Kerror: [m[Ktemplate argument 1 is invalid
   29 | = this->create_publisher<mech_msg::msg::LatErr>("lat_err",10[01;31m[K)[m[K;
      |                                                             [01;31m[K^[m[K

[01m[K/home/tahnt/mech_devel/f1t_mech_ws/src/img_proc/src/img_proc_node.h:30:9:[m[K [01;31m[Kerror: [m[Kâ€˜[01m[Kpublisher_ye_[m[Kâ€™ was not declared in this scope
   30 |         [01;31m[Kpublisher_ye_[m[K = this->create_publisher<mech_msg::msg::YawErr>("yaw_err",10);
      |         [01;31m[K^~~~~~~~~~~~~[m[K
[01m[K/home/tahnt/mech_devel/f1t_mech_ws/src/img_proc/src/img_proc_node.h:30:31:[m[K [01;31m[Kerror: [m[Kparse error in template argument list
   30 |         publisher_ye_ = this->[01;31m[Kcreate_publisher<mech_msg::msg::YawErr>[m[K("yaw_err",10);
      |                               [01;31m[K^~~~~~~~~~~~~~~~~~~~~~~~~~~~~~~~~~~~~~~[m[K
[01m[K/home/tahnt/mech_devel/f1t_mech_ws/src/img_proc/src/img_proc_node.h:30:83:[m[K [01;31m[Kerror: [m[Kno matching function for call to â€˜[01m[KImageProcessor::create_publisher<mech_msg>(const char [8], int)[m[Kâ€™
   30 | = this->create_publisher<mech_msg::msg::YawErr>("yaw_err",10[01;31m[K)[m[K;
      |                                                             [01;31m[K^[m[K

In file included from [01m[K/opt/ros/galactic/include/rclcpp/executors/single_threaded_executor.hpp:28[m[K,
                 from [01m[K/opt/ros/galactic/include/rclcpp/executors.hpp:22[m[K,
                 from [01m[K/opt/ros/galactic/include/rclcpp/rclcpp.hpp:156[m[K,
                 from [01m[K/home/tahnt/mech_devel/f1t_mech_ws/src/img_proc/src/img_proc_node.h:4[m[K,
                 from [01m[K/home/tahnt/mech_devel/f1t_mech_ws/src/img_proc/src/img_proc_node.cpp:1[m[K:
[01m[K/opt/ros/galactic/include/rclcpp/node.hpp:200:3:[m[K [01;36m[Knote: [m[Kcandidate: â€˜[01m[Ktemplate<class MessageT, class AllocatorT, class PublisherT> std::shared_ptr<PublisherT> rclcpp::Node::create_publisher(const string&, const rclcpp::QoS&, const rclcpp::PublisherOptionsWithAllocator<AllocatorT>&)[m[Kâ€™
  200 |   [01;36m[Kcreate_publisher[m[K(
      |   [01;36m[K^~~~~~~~~~~~~~~~[m[K
[01m[K/opt/ros/galactic/include/rclcpp/node.hpp:200:3:[m[K [01;36m[Knote: [m[K  template argument deduction/substitution failed:
[01m[K/home/tahnt/mech_devel/f1t_mech_ws/src/img_proc/src/img_proc_node.cpp:[m[K In member function â€˜[01m[Kvoid ImageProcessor::processImage(sensor_msgs::msg::Image_<std::allocator<void> >::SharedPtr)[m[Kâ€™:
[01m[K/home/tahnt/mech_devel/f1t_mech_ws/src/img_proc/src/img_proc_node.cpp:67:28:[m[K [01;31m[Kerror: [m[Kâ€˜[01m[Kmech_msg[m[Kâ€™ has not been declared
   67 |         auto lat_err_msg = [01;31m[Kmech_msg[m[K::msg::LatErr();
      |                            [01;31m[K^~~~~~~~[m[K
[01m[K/home/tahnt/mech_devel/f1t_mech_ws/src/img_proc/src/img_proc_node.cpp:68:28:[m[K [01;31m[Kerror: [m[Kâ€˜[01m[Kmech_msg[m[Kâ€™ has not been declared
   68 |         auto yaw_err_msg = [01;31m[Kmech_msg[m[K::msg::YawErr();
      |                            [01;31m[K^~~~~~~~[m[K
[01m[K/home/tahnt/mech_devel/f1t_mech_ws/src/img_proc/src/img_proc_node.cpp:76:9:[m[K [01;31m[Kerror: [m[Kâ€˜[01m[Kpublisher_le_[m[Kâ€™ was not declared in this scope
   76 |         [01;31m[Kpublisher_le_[m[K->publish(lat_err_msg);
      |         [01;31m[K^~~~~~~~~~~~~[m[K
[01m[K/home/tahnt/mech_devel/f1t_mech_ws/src/img_proc/src/img_proc_node.cpp:77:9:[m[K [01;31m[Kerror: [m[Kâ€˜[01m[Kpublisher_ye_[m[Kâ€™ was not declared in this scope
   77 |         [01;31m[Kpublisher_ye_[m[K->publish(yaw_err_msg);
      |         [01;31m[K^~~~~~~~~~~~~[m[K
make[2]: *** [CMakeFiles/img_proc_node.dir/build.make:63: CMakeFiles/img_proc_node.dir/src/img_proc_node.cpp.o] Error 1
make[1]: *** [CMakeFiles/Makefile2:78: CMakeFiles/img_proc_node.dir/all] Error 2
make: *** [Makefile:141: all] Error 2
