[01m[K/home/f1t/mech_devel/f1t_mech_ws/src/img_proc/src/img_proc_node.cpp:[m[K In member function â€˜[01m[Kvoid ImageProcessor::parseParameters()[m[Kâ€™:
[01m[K/home/f1t/mech_devel/f1t_mech_ws/src/img_proc/src/img_proc_node.cpp:14:38:[m[K [01;31m[Kerror: [m[Kâ€˜[01m[Kerode_size_[m[Kâ€™ was not declared in this scope
   14 |     this->get_parameter("erode_size",[01;31m[Kerode_size_[m[K);
      |                                      [01;31m[K^~~~~~~~~~~[m[K
[01m[K/home/f1t/mech_devel/f1t_mech_ws/src/img_proc/src/img_proc_node.cpp:17:39:[m[K [01;31m[Kerror: [m[Kâ€˜[01m[Kdilate_size_[m[Kâ€™ was not declared in this scope
   17 |     this->get_parameter("dilate_size",[01;31m[Kdilate_size_[m[K);
      |                                       [01;31m[K^~~~~~~~~~~~[m[K
[01m[K/home/f1t/mech_devel/f1t_mech_ws/src/img_proc/src/img_proc_node.cpp:[m[K In member function â€˜[01m[Kvoid ImageProcessor::erosionDilation(cv::Mat&)[m[Kâ€™:
[01m[K/home/f1t/mech_devel/f1t_mech_ws/src/img_proc/src/img_proc_node.cpp:137:77:[m[K [01;31m[Kerror: [m[Kâ€˜[01m[Kerode_size_[m[Kâ€™ was not declared in this scope
  137 | s_elem=cv::getStructuringElement(cv::MORPH_RECT,cv::Size(int([01;31m[Kerode_size_[m[K[0]), int(erode_size_[1])));
      |                                                              [01;31m[K^~~~~~~~~~~[m[K

[01m[K/home/f1t/mech_devel/f1t_mech_ws/src/img_proc/src/img_proc_node.cpp:138:77:[m[K [01;31m[Kerror: [m[Kâ€˜[01m[Kdilate_size_[m[Kâ€™ was not declared in this scope
  138 | l_elem=cv::getStructuringElement(cv::MORPH_RECT,cv::Size(int([01;31m[Kdilate_size_[m[K[0]), int(dilate_size_[1])));
      |                                                              [01;31m[K^~~~~~~~~~~~[m[K

[01m[K/home/f1t/mech_devel/f1t_mech_ws/src/img_proc/src/img_proc_node.cpp:[m[K At global scope:
[01m[K/home/f1t/mech_devel/f1t_mech_ws/src/img_proc/src/img_proc_node.cpp:179:9:[m[K [01;31m[Kerror: [m[Kno declaration matches â€˜[01m[Kcv::Mat ImageProcessor::wayPointGen(cv::Mat&)[m[Kâ€™
  179 | cv::Mat [01;31m[KImageProcessor[m[K::wayPointGen(cv::Mat& img)
      |         [01;31m[K^~~~~~~~~~~~~~[m[K
[01m[K/home/f1t/mech_devel/f1t_mech_ws/src/img_proc/src/img_proc_node.cpp:179:9:[m[K [01;36m[Knote: [m[Kno functions named â€˜[01m[Kcv::Mat ImageProcessor::wayPointGen(cv::Mat&)[m[Kâ€™
In file included from [01m[K/home/f1t/mech_devel/f1t_mech_ws/src/img_proc/src/img_proc_node.cpp:1[m[K:
[01m[K/home/f1t/mech_devel/f1t_mech_ws/src/img_proc/src/img_proc_node.h:9:7:[m[K [01;36m[Knote: [m[Kâ€˜[01m[Kclass ImageProcessor[m[Kâ€™ defined here
    9 | class [01;36m[KImageProcessor[m[K : public rclcpp::Node
      |       [01;36m[K^~~~~~~~~~~~~~[m[K
make[2]: *** [CMakeFiles/img_proc_node.dir/build.make:63: CMakeFiles/img_proc_node.dir/src/img_proc_node.cpp.o] Error 1
make[1]: *** [CMakeFiles/Makefile2:78: CMakeFiles/img_proc_node.dir/all] Error 2
make: *** [Makefile:141: all] Error 2
