[0.207s] Invoking command in '/home/f1t/mech_devel/f1t_mech_ws/build/img_proc': CMAKE_PREFIX_PATH=${CMAKE_PREFIX_PATH}:/opt/ros/galactic /usr/bin/cmake --build /home/f1t/mech_devel/f1t_mech_ws/build/img_proc -- -j6 -l6
[0.448s] [35m[1mScanning dependencies of target img_proc_node[0m
[0.794s] [ 50%] [32mBuilding CXX object CMakeFiles/img_proc_node.dir/src/img_proc_node.cpp.o[0m
[16.629s] [01m[K/home/f1t/mech_devel/f1t_mech_ws/src/img_proc/src/img_proc_node.cpp:[m[K In member function â€˜[01m[Kvoid ImageProcessor::parseParameters()[m[Kâ€™:
[16.630s] [01m[K/home/f1t/mech_devel/f1t_mech_ws/src/img_proc/src/img_proc_node.cpp:14:38:[m[K [01;31m[Kerror: [m[Kâ€˜[01m[Kerode_size_[m[Kâ€™ was not declared in this scope
[16.630s]    14 |     this->get_parameter("erode_size",[01;31m[Kerode_size_[m[K);
[16.631s]       |                                      [01;31m[K^~~~~~~~~~~[m[K
[16.658s] [01m[K/home/f1t/mech_devel/f1t_mech_ws/src/img_proc/src/img_proc_node.cpp:17:39:[m[K [01;31m[Kerror: [m[Kâ€˜[01m[Kdilate_size_[m[Kâ€™ was not declared in this scope
[16.658s]    17 |     this->get_parameter("dilate_size",[01;31m[Kdilate_size_[m[K);
[16.661s]       |                                       [01;31m[K^~~~~~~~~~~~[m[K
[16.774s] [01m[K/home/f1t/mech_devel/f1t_mech_ws/src/img_proc/src/img_proc_node.cpp:[m[K In member function â€˜[01m[Kvoid ImageProcessor::erosionDilation(cv::Mat&)[m[Kâ€™:
[16.776s] [01m[K/home/f1t/mech_devel/f1t_mech_ws/src/img_proc/src/img_proc_node.cpp:137:77:[m[K [01;31m[Kerror: [m[Kâ€˜[01m[Kerode_size_[m[Kâ€™ was not declared in this scope
[16.776s]   137 | s_elem=cv::getStructuringElement(cv::MORPH_RECT,cv::Size(int([01;31m[Kerode_size_[m[K[0]), int(erode_size_[1])));
[16.777s]       |                                                              [01;31m[K^~~~~~~~~~~[m[K
[16.778s] 
[16.801s] [01m[K/home/f1t/mech_devel/f1t_mech_ws/src/img_proc/src/img_proc_node.cpp:138:77:[m[K [01;31m[Kerror: [m[Kâ€˜[01m[Kdilate_size_[m[Kâ€™ was not declared in this scope
[16.802s]   138 | l_elem=cv::getStructuringElement(cv::MORPH_RECT,cv::Size(int([01;31m[Kdilate_size_[m[K[0]), int(dilate_size_[1])));
[16.803s]       |                                                              [01;31m[K^~~~~~~~~~~~[m[K
[16.803s] 
[16.851s] [01m[K/home/f1t/mech_devel/f1t_mech_ws/src/img_proc/src/img_proc_node.cpp:[m[K At global scope:
[16.852s] [01m[K/home/f1t/mech_devel/f1t_mech_ws/src/img_proc/src/img_proc_node.cpp:179:9:[m[K [01;31m[Kerror: [m[Kno declaration matches â€˜[01m[Kcv::Mat ImageProcessor::wayPointGen(cv::Mat&)[m[Kâ€™
[16.853s]   179 | cv::Mat [01;31m[KImageProcessor[m[K::wayPointGen(cv::Mat& img)
[16.853s]       |         [01;31m[K^~~~~~~~~~~~~~[m[K
[16.854s] [01m[K/home/f1t/mech_devel/f1t_mech_ws/src/img_proc/src/img_proc_node.cpp:179:9:[m[K [01;36m[Knote: [m[Kno functions named â€˜[01m[Kcv::Mat ImageProcessor::wayPointGen(cv::Mat&)[m[Kâ€™
[16.854s] In file included from [01m[K/home/f1t/mech_devel/f1t_mech_ws/src/img_proc/src/img_proc_node.cpp:1[m[K:
[16.855s] [01m[K/home/f1t/mech_devel/f1t_mech_ws/src/img_proc/src/img_proc_node.h:9:7:[m[K [01;36m[Knote: [m[Kâ€˜[01m[Kclass ImageProcessor[m[Kâ€™ defined here
[16.855s]     9 | class [01;36m[KImageProcessor[m[K : public rclcpp::Node
[16.856s]       |       [01;36m[K^~~~~~~~~~~~~~[m[K
[29.062s] make[2]: *** [CMakeFiles/img_proc_node.dir/build.make:63: CMakeFiles/img_proc_node.dir/src/img_proc_node.cpp.o] Error 1
[29.063s] make[1]: *** [CMakeFiles/Makefile2:78: CMakeFiles/img_proc_node.dir/all] Error 2
[29.064s] make: *** [Makefile:141: all] Error 2
[29.079s] Invoked command in '/home/f1t/mech_devel/f1t_mech_ws/build/img_proc' returned '2': CMAKE_PREFIX_PATH=${CMAKE_PREFIX_PATH}:/opt/ros/galactic /usr/bin/cmake --build /home/f1t/mech_devel/f1t_mech_ws/build/img_proc -- -j6 -l6
