[0.100s] Invoking command in '/home/f1t/mech_devel/f1t_mech_ws/build/img_proc': CMAKE_PREFIX_PATH=${CMAKE_PREFIX_PATH}:/opt/ros/galactic /usr/bin/cmake --build /home/f1t/mech_devel/f1t_mech_ws/build/img_proc -- -j6 -l6
[0.286s] -- Found ament_cmake: 1.1.6 (/opt/ros/galactic/share/ament_cmake/cmake)
[0.414s] -- Using PYTHON_EXECUTABLE: /usr/bin/python3
[1.072s] -- Found rclcpp: 9.2.2 (/opt/ros/galactic/share/rclcpp/cmake)
[1.295s] -- Using single rosidl_typesupport_c: rosidl_typesupport_introspection_c
[1.316s] -- Found rosidl_adapter: 2.2.3 (/opt/ros/galactic/share/rosidl_adapter/cmake)
[1.418s] -- Using single rosidl_typesupport_cpp: rosidl_typesupport_introspection_cpp
[1.735s] -- Found rmw_implementation_cmake: 3.3.1 (/opt/ros/galactic/share/rmw_implementation_cmake/cmake)
[1.743s] -- Found rmw_cyclonedds_cpp: 0.22.6 (/opt/ros/galactic/share/rmw_cyclonedds_cpp/cmake)
[1.844s] -- Using RMW implementation 'rmw_cyclonedds_cpp' as default
[2.563s] -- Found sensor_msgs: 2.2.4 (/opt/ros/galactic/share/sensor_msgs/cmake)
[3.092s] -- Found cv_bridge: 3.1.3 (/opt/ros/galactic/share/cv_bridge/cmake)
[3.864s] -- Configuring done
[3.952s] -- Generating done
[3.964s] -- Build files have been written to: /home/f1t/mech_devel/f1t_mech_ws/build/img_proc
[4.120s] [35m[1mScanning dependencies of target img_proc_node[0m
[4.473s] [ 50%] [32mBuilding CXX object CMakeFiles/img_proc_node.dir/src/img_proc_node.cpp.o[0m
[22.732s] [01m[K/home/f1t/mech_devel/f1t_mech_ws/src/img_proc/src/img_proc_node.cpp:[m[K In member function â€˜[01m[Kcv::Mat ImageProcessor::cannyEdgeDetection(cv::Mat&)[m[Kâ€™:
[22.733s] [01m[K/home/f1t/mech_devel/f1t_mech_ws/src/img_proc/src/img_proc_node.cpp:128:5:[m[K [01;31m[Kerror: [m[Kâ€˜[01m[Kkernel_size[m[Kâ€™ was not declared in this scope
[22.734s]   128 |     [01;31m[Kkernel_size[m[K = 11
[22.735s]       |     [01;31m[K^~~~~~~~~~~[m[K
[22.759s] [01m[K/home/f1t/mech_devel/f1t_mech_ws/src/img_proc/src/img_proc_node.cpp:133:5:[m[K [01;31m[Kerror: [m[Kâ€˜[01m[Kmin_thresh[m[Kâ€™ was not declared in this scope
[22.760s]   133 |     [01;31m[Kmin_thresh[m[K = 60;
[22.761s]       |     [01;31m[K^~~~~~~~~~[m[K
[22.787s] [01m[K/home/f1t/mech_devel/f1t_mech_ws/src/img_proc/src/img_proc_node.cpp:134:5:[m[K [01;31m[Kerror: [m[Kâ€˜[01m[Kmax_thresh[m[Kâ€™ was not declared in this scope
[22.789s]   134 |     [01;31m[Kmax_thresh[m[K = 150;
[22.790s]       |     [01;31m[K^~~~~~~~~~[m[K
[35.545s] make[2]: *** [CMakeFiles/img_proc_node.dir/build.make:63: CMakeFiles/img_proc_node.dir/src/img_proc_node.cpp.o] Error 1
[35.547s] make[1]: *** [CMakeFiles/Makefile2:78: CMakeFiles/img_proc_node.dir/all] Error 2
[35.549s] make: *** [Makefile:141: all] Error 2
[35.561s] Invoked command in '/home/f1t/mech_devel/f1t_mech_ws/build/img_proc' returned '2': CMAKE_PREFIX_PATH=${CMAKE_PREFIX_PATH}:/opt/ros/galactic /usr/bin/cmake --build /home/f1t/mech_devel/f1t_mech_ws/build/img_proc -- -j6 -l6
