[35m[1mScanning dependencies of target img_proc_node[0m
[ 50%] [32mBuilding CXX object CMakeFiles/img_proc_node.dir/src/img_proc_node.cpp.o[0m
[01m[K/home/tahnt/mech_devel/f1t_mech_ws/src/img_proc/src/img_proc_node.cpp:[m[K In member function â€˜[01m[Kfloat ImageProcessor::yawErrorGen(int)[m[Kâ€™:
[01m[K/home/tahnt/mech_devel/f1t_mech_ws/src/img_proc/src/img_proc_node.cpp:195:35:[m[K [01;31m[Kerror: [m[Kâ€˜[01m[Klook_dist[m[Kâ€™ was not declared in this scope; did you mean â€˜[01m[Klook_dist_[m[Kâ€™?
  195 |     float yaw_err = atan((lat_err/[01;31m[Klook_dist[m[K));
      |                                   [01;31m[K^~~~~~~~~[m[K
      |                                   [32m[Klook_dist_[m[K
make[2]: *** [CMakeFiles/img_proc_node.dir/build.make:63: CMakeFiles/img_proc_node.dir/src/img_proc_node.cpp.o] Error 1
make[1]: *** [CMakeFiles/Makefile2:78: CMakeFiles/img_proc_node.dir/all] Error 2
make: *** [Makefile:141: all] Error 2
