[0.015s] Invoking command in '/home/tahnt/mech_devel/f1t_mech_ws/build/img_proc': CMAKE_PREFIX_PATH=/opt/ros/galactic /usr/bin/cmake --build /home/tahnt/mech_devel/f1t_mech_ws/build/img_proc -- -j4 -l4
[0.064s] [35m[1mScanning dependencies of target img_proc_node[0m
[0.104s] [ 50%] [32mBuilding CXX object CMakeFiles/img_proc_node.dir/src/img_proc_node.cpp.o[0m
[2.464s] [01m[K/home/tahnt/mech_devel/f1t_mech_ws/src/img_proc/src/img_proc_node.cpp:[m[K In member function â€˜[01m[Kfloat ImageProcessor::yawErrorGen(int)[m[Kâ€™:
[2.464s] [01m[K/home/tahnt/mech_devel/f1t_mech_ws/src/img_proc/src/img_proc_node.cpp:195:35:[m[K [01;31m[Kerror: [m[Kâ€˜[01m[Klook_dist[m[Kâ€™ was not declared in this scope; did you mean â€˜[01m[Klook_dist_[m[Kâ€™?
[2.464s]   195 |     float yaw_err = atan((lat_err/[01;31m[Klook_dist[m[K));
[2.464s]       |                                   [01;31m[K^~~~~~~~~[m[K
[2.464s]       |                                   [32m[Klook_dist_[m[K
[4.599s] make[2]: *** [CMakeFiles/img_proc_node.dir/build.make:63: CMakeFiles/img_proc_node.dir/src/img_proc_node.cpp.o] Error 1
[4.600s] make[1]: *** [CMakeFiles/Makefile2:78: CMakeFiles/img_proc_node.dir/all] Error 2
[4.600s] make: *** [Makefile:141: all] Error 2
[4.602s] Invoked command in '/home/tahnt/mech_devel/f1t_mech_ws/build/img_proc' returned '2': CMAKE_PREFIX_PATH=/opt/ros/galactic /usr/bin/cmake --build /home/tahnt/mech_devel/f1t_mech_ws/build/img_proc -- -j4 -l4
