[0.016s] Invoking command in '/home/tahnt/mech_devel/f1t_mech_ws/build/img_proc': CMAKE_PREFIX_PATH=${CMAKE_PREFIX_PATH}:/opt/ros/galactic /usr/bin/cmake --build /home/tahnt/mech_devel/f1t_mech_ws/build/img_proc -- -j4 -l4
[0.064s] [35m[1mScanning dependencies of target img_proc_node[0m
[0.103s] [ 50%] [32mBuilding CXX object CMakeFiles/img_proc_node.dir/src/img_proc_node.cpp.o[0m
[2.151s] In file included from [01m[K/home/tahnt/mech_devel/f1t_mech_ws/src/img_proc/src/img_proc_node.cpp:1[m[K:
[2.151s] [01m[K/home/tahnt/mech_devel/f1t_mech_ws/src/img_proc/src/img_proc_node.h:54:23:[m[K [01;31m[Kerror: [m[Kâ€˜[01m[Kmech_msg[m[Kâ€™ was not declared in this scope
[2.151s]    54 |     rclcpp::Publisher<[01;31m[Kmech_msg[m[K::msg::LatErr>::SharedPtr publisher_le_;
[2.151s]       |                       [01;31m[K^~~~~~~~[m[K
[2.151s] [01m[K/home/tahnt/mech_devel/f1t_mech_ws/src/img_proc/src/img_proc_node.h:54:44:[m[K [01;31m[Kerror: [m[Ktemplate argument 1 is invalid
[2.151s]    54 |     rclcpp::Publisher<mech_msg::msg::LatErr[01;31m[K>[m[K::SharedPtr publisher_le_;
[2.151s]       |                                            [01;31m[K^[m[K
[2.151s] [01m[K/home/tahnt/mech_devel/f1t_mech_ws/src/img_proc/src/img_proc_node.h:54:47:[m[K [01;31m[Kerror: [m[Kexpected â€˜[01m[K;[m[Kâ€™ at end of member declaration
[2.151s]    54 |     rclcpp::Publisher<mech_msg::msg::LatErr>::[01;31m[KSharedPtr[m[K publisher_le_;
[2.151s]       |                                               [01;31m[K^~~~~~~~~[m[K
[2.151s]       |                                                        [32m[K;[m[K
[2.155s] [01m[K/home/tahnt/mech_devel/f1t_mech_ws/src/img_proc/src/img_proc_node.h:54:57:[m[K [01;31m[Kerror: [m[Kâ€˜[01m[Kpublisher_le_[m[Kâ€™ does not name a type
[2.155s]    54 |     rclcpp::Publisher<mech_msg::msg::LatErr>::SharedPtr [01;31m[Kpublisher_le_[m[K;
[2.155s]       |                                                         [01;31m[K^~~~~~~~~~~~~[m[K
[2.159s] [01m[K/home/tahnt/mech_devel/f1t_mech_ws/src/img_proc/src/img_proc_node.h:55:23:[m[K [01;31m[Kerror: [m[Kâ€˜[01m[Kmech_msg[m[Kâ€™ was not declared in this scope
[2.159s]    55 |     rclcpp::Publisher<[01;31m[Kmech_msg[m[K::msg::YawErr>::SharedPtr publisher_ye_;
[2.159s]       |                       [01;31m[K^~~~~~~~[m[K
[2.159s] [01m[K/home/tahnt/mech_devel/f1t_mech_ws/src/img_proc/src/img_proc_node.h:55:44:[m[K [01;31m[Kerror: [m[Ktemplate argument 1 is invalid
[2.159s]    55 |     rclcpp::Publisher<mech_msg::msg::YawErr[01;31m[K>[m[K::SharedPtr publisher_ye_;
[2.159s]       |                                            [01;31m[K^[m[K
[2.159s] [01m[K/home/tahnt/mech_devel/f1t_mech_ws/src/img_proc/src/img_proc_node.h:55:47:[m[K [01;31m[Kerror: [m[Kexpected â€˜[01m[K;[m[Kâ€™ at end of member declaration
[2.159s]    55 |     rclcpp::Publisher<mech_msg::msg::YawErr>::[01;31m[KSharedPtr[m[K publisher_ye_;
[2.159s]       |                                               [01;31m[K^~~~~~~~~[m[K
[2.159s]       |                                                        [32m[K;[m[K
[2.159s] [01m[K/home/tahnt/mech_devel/f1t_mech_ws/src/img_proc/src/img_proc_node.h:55:47:[m[K [01;31m[Kerror: [m[Kredeclaration of â€˜[01m[Kint ImageProcessor::SharedPtr[m[Kâ€™
[2.159s] [01m[K/home/tahnt/mech_devel/f1t_mech_ws/src/img_proc/src/img_proc_node.h:54:47:[m[K [01;36m[Knote: [m[Kprevious declaration â€˜[01m[Kint ImageProcessor::SharedPtr[m[Kâ€™
[2.159s]    54 |     rclcpp::Publisher<mech_msg::msg::LatErr>::[01;36m[KSharedPtr[m[K publisher_le_;
[2.159s]       |                                               [01;36m[K^~~~~~~~~[m[K
[2.163s] [01m[K/home/tahnt/mech_devel/f1t_mech_ws/src/img_proc/src/img_proc_node.h:55:57:[m[K [01;31m[Kerror: [m[Kâ€˜[01m[Kpublisher_ye_[m[Kâ€™ does not name a type
[2.163s]    55 |     rclcpp::Publisher<mech_msg::msg::YawErr>::SharedPtr [01;31m[Kpublisher_ye_[m[K;
[2.163s]       |                                                         [01;31m[K^~~~~~~~~~~~~[m[K
[2.175s] [01m[K/home/tahnt/mech_devel/f1t_mech_ws/src/img_proc/src/img_proc_node.h:[m[K In constructor â€˜[01m[KImageProcessor::ImageProcessor()[m[Kâ€™:
[2.175s] [01m[K/home/tahnt/mech_devel/f1t_mech_ws/src/img_proc/src/img_proc_node.h:29:9:[m[K [01;31m[Kerror: [m[Kâ€˜[01m[Kpublisher_le_[m[Kâ€™ was not declared in this scope
[2.175s]    29 |         [01;31m[Kpublisher_le_[m[K = this->create_publisher<mech_msg::msg::LatErr>("lat_err",10);
[2.175s]       |         [01;31m[K^~~~~~~~~~~~~[m[K
[2.178s] [01m[K/home/tahnt/mech_devel/f1t_mech_ws/src/img_proc/src/img_proc_node.h:29:48:[m[K [01;31m[Kerror: [m[Kâ€˜[01m[Kmech_msg[m[Kâ€™ was not declared in this scope
[2.178s]    29 |         publisher_le_ = this->create_publisher<[01;31m[Kmech_msg[m[K::msg::LatErr>("lat_err",10);
[2.178s]       |                                                [01;31m[K^~~~~~~~[m[K
[2.178s] [01m[K/home/tahnt/mech_devel/f1t_mech_ws/src/img_proc/src/img_proc_node.h:29:31:[m[K [01;31m[Kerror: [m[Kparse error in template argument list
[2.178s]    29 |         publisher_le_ = this->[01;31m[Kcreate_publisher<mech_msg::msg::LatErr>[m[K("lat_err",10);
[2.178s]       |                               [01;31m[K^~~~~~~~~~~~~~~~~~~~~~~~~~~~~~~~~~~~~~~[m[K
[2.178s] [01m[K/home/tahnt/mech_devel/f1t_mech_ws/src/img_proc/src/img_proc_node.h:29:83:[m[K [01;31m[Kerror: [m[Kno matching function for call to â€˜[01m[KImageProcessor::create_publisher<<expression error> >(const char [8], int)[m[Kâ€™
[2.178s]    29 | = this->create_publisher<mech_msg::msg::LatErr>("lat_err",10[01;31m[K)[m[K;
[2.178s]       |                                                             [01;31m[K^[m[K
[2.178s] 
[2.178s] In file included from [01m[K/opt/ros/galactic/include/rclcpp/executors/single_threaded_executor.hpp:28[m[K,
[2.178s]                  from [01m[K/opt/ros/galactic/include/rclcpp/executors.hpp:22[m[K,
[2.178s]                  from [01m[K/opt/ros/galactic/include/rclcpp/rclcpp.hpp:156[m[K,
[2.178s]                  from [01m[K/home/tahnt/mech_devel/f1t_mech_ws/src/img_proc/src/img_proc_node.h:4[m[K,
[2.178s]                  from [01m[K/home/tahnt/mech_devel/f1t_mech_ws/src/img_proc/src/img_proc_node.cpp:1[m[K:
[2.178s] [01m[K/opt/ros/galactic/include/rclcpp/node.hpp:200:3:[m[K [01;36m[Knote: [m[Kcandidate: â€˜[01m[Ktemplate<class MessageT, class AllocatorT, class PublisherT> std::shared_ptr<PublisherT> rclcpp::Node::create_publisher(const string&, const rclcpp::QoS&, const rclcpp::PublisherOptionsWithAllocator<AllocatorT>&)[m[Kâ€™
[2.178s]   200 |   [01;36m[Kcreate_publisher[m[K(
[2.178s]       |   [01;36m[K^~~~~~~~~~~~~~~~[m[K
[2.178s] [01m[K/opt/ros/galactic/include/rclcpp/node.hpp:200:3:[m[K [01;36m[Knote: [m[K  template argument deduction/substitution failed:
[2.178s] In file included from [01m[K/home/tahnt/mech_devel/f1t_mech_ws/src/img_proc/src/img_proc_node.cpp:1[m[K:
[2.178s] [01m[K/home/tahnt/mech_devel/f1t_mech_ws/src/img_proc/src/img_proc_node.h:29:83:[m[K [01;31m[Kerror: [m[Ktemplate argument 1 is invalid
[2.178s]    29 | = this->create_publisher<mech_msg::msg::LatErr>("lat_err",10[01;31m[K)[m[K;
[2.178s]       |                                                             [01;31m[K^[m[K
[2.179s] 
[2.182s] [01m[K/home/tahnt/mech_devel/f1t_mech_ws/src/img_proc/src/img_proc_node.h:30:9:[m[K [01;31m[Kerror: [m[Kâ€˜[01m[Kpublisher_ye_[m[Kâ€™ was not declared in this scope
[2.183s]    30 |         [01;31m[Kpublisher_ye_[m[K = this->create_publisher<mech_msg::msg::YawErr>("yaw_err",10);
[2.183s]       |         [01;31m[K^~~~~~~~~~~~~[m[K
[2.183s] [01m[K/home/tahnt/mech_devel/f1t_mech_ws/src/img_proc/src/img_proc_node.h:30:31:[m[K [01;31m[Kerror: [m[Kparse error in template argument list
[2.183s]    30 |         publisher_ye_ = this->[01;31m[Kcreate_publisher<mech_msg::msg::YawErr>[m[K("yaw_err",10);
[2.183s]       |                               [01;31m[K^~~~~~~~~~~~~~~~~~~~~~~~~~~~~~~~~~~~~~~[m[K
[2.183s] [01m[K/home/tahnt/mech_devel/f1t_mech_ws/src/img_proc/src/img_proc_node.h:30:83:[m[K [01;31m[Kerror: [m[Kno matching function for call to â€˜[01m[KImageProcessor::create_publisher<mech_msg>(const char [8], int)[m[Kâ€™
[2.183s]    30 | = this->create_publisher<mech_msg::msg::YawErr>("yaw_err",10[01;31m[K)[m[K;
[2.183s]       |                                                             [01;31m[K^[m[K
[2.183s] 
[2.183s] In file included from [01m[K/opt/ros/galactic/include/rclcpp/executors/single_threaded_executor.hpp:28[m[K,
[2.183s]                  from [01m[K/opt/ros/galactic/include/rclcpp/executors.hpp:22[m[K,
[2.183s]                  from [01m[K/opt/ros/galactic/include/rclcpp/rclcpp.hpp:156[m[K,
[2.183s]                  from [01m[K/home/tahnt/mech_devel/f1t_mech_ws/src/img_proc/src/img_proc_node.h:4[m[K,
[2.183s]                  from [01m[K/home/tahnt/mech_devel/f1t_mech_ws/src/img_proc/src/img_proc_node.cpp:1[m[K:
[2.183s] [01m[K/opt/ros/galactic/include/rclcpp/node.hpp:200:3:[m[K [01;36m[Knote: [m[Kcandidate: â€˜[01m[Ktemplate<class MessageT, class AllocatorT, class PublisherT> std::shared_ptr<PublisherT> rclcpp::Node::create_publisher(const string&, const rclcpp::QoS&, const rclcpp::PublisherOptionsWithAllocator<AllocatorT>&)[m[Kâ€™
[2.183s]   200 |   [01;36m[Kcreate_publisher[m[K(
[2.183s]       |   [01;36m[K^~~~~~~~~~~~~~~~[m[K
[2.183s] [01m[K/opt/ros/galactic/include/rclcpp/node.hpp:200:3:[m[K [01;36m[Knote: [m[K  template argument deduction/substitution failed:
[2.196s] [01m[K/home/tahnt/mech_devel/f1t_mech_ws/src/img_proc/src/img_proc_node.cpp:[m[K In member function â€˜[01m[Kvoid ImageProcessor::processImage(sensor_msgs::msg::Image_<std::allocator<void> >::SharedPtr)[m[Kâ€™:
[2.196s] [01m[K/home/tahnt/mech_devel/f1t_mech_ws/src/img_proc/src/img_proc_node.cpp:67:28:[m[K [01;31m[Kerror: [m[Kâ€˜[01m[Kmech_msg[m[Kâ€™ has not been declared
[2.196s]    67 |         auto lat_err_msg = [01;31m[Kmech_msg[m[K::msg::LatErr();
[2.196s]       |                            [01;31m[K^~~~~~~~[m[K
[2.196s] [01m[K/home/tahnt/mech_devel/f1t_mech_ws/src/img_proc/src/img_proc_node.cpp:68:28:[m[K [01;31m[Kerror: [m[Kâ€˜[01m[Kmech_msg[m[Kâ€™ has not been declared
[2.196s]    68 |         auto yaw_err_msg = [01;31m[Kmech_msg[m[K::msg::YawErr();
[2.196s]       |                            [01;31m[K^~~~~~~~[m[K
[2.202s] [01m[K/home/tahnt/mech_devel/f1t_mech_ws/src/img_proc/src/img_proc_node.cpp:76:9:[m[K [01;31m[Kerror: [m[Kâ€˜[01m[Kpublisher_le_[m[Kâ€™ was not declared in this scope
[2.202s]    76 |         [01;31m[Kpublisher_le_[m[K->publish(lat_err_msg);
[2.202s]       |         [01;31m[K^~~~~~~~~~~~~[m[K
[2.207s] [01m[K/home/tahnt/mech_devel/f1t_mech_ws/src/img_proc/src/img_proc_node.cpp:77:9:[m[K [01;31m[Kerror: [m[Kâ€˜[01m[Kpublisher_ye_[m[Kâ€™ was not declared in this scope
[2.207s]    77 |         [01;31m[Kpublisher_ye_[m[K->publish(yaw_err_msg);
[2.207s]       |         [01;31m[K^~~~~~~~~~~~~[m[K
[4.199s] make[2]: *** [CMakeFiles/img_proc_node.dir/build.make:63: CMakeFiles/img_proc_node.dir/src/img_proc_node.cpp.o] Error 1
[4.199s] make[1]: *** [CMakeFiles/Makefile2:78: CMakeFiles/img_proc_node.dir/all] Error 2
[4.199s] make: *** [Makefile:141: all] Error 2
[4.203s] Invoked command in '/home/tahnt/mech_devel/f1t_mech_ws/build/img_proc' returned '2': CMAKE_PREFIX_PATH=${CMAKE_PREFIX_PATH}:/opt/ros/galactic /usr/bin/cmake --build /home/tahnt/mech_devel/f1t_mech_ws/build/img_proc -- -j4 -l4
