[0.015s] Invoking command in '/home/tahnt/mech_devel/f1t_mech_ws/build/controller': CMAKE_PREFIX_PATH=${CMAKE_PREFIX_PATH}:/opt/ros/galactic /usr/bin/cmake --build /home/tahnt/mech_devel/f1t_mech_ws/build/controller -- -j4 -l4
[0.063s] [35m[1mScanning dependencies of target controller[0m
[0.103s] [ 50%] [32mBuilding CXX object CMakeFiles/controller.dir/src/controller.cpp.o[0m
[1.327s] In file included from [01m[K/home/tahnt/mech_devel/f1t_mech_ws/src/controller/src/controller.cpp:1[m[K:
[1.327s] [01m[K/home/tahnt/mech_devel/f1t_mech_ws/src/controller/src/controller.h:9:1:[m[K [01;31m[Kerror: [m[Kexpected class-name before â€˜[01m[K{[m[Kâ€™ token
[1.327s]     9 | [01;31m[K{[m[K
[1.327s]       | [01;31m[K^[m[K
[1.328s] [01m[K/home/tahnt/mech_devel/f1t_mech_ws/src/controller/src/controller.h:[m[K In constructor â€˜[01m[KController::Controller()[m[Kâ€™:
[1.328s] [01m[K/home/tahnt/mech_devel/f1t_mech_ws/src/controller/src/controller.h:10:24:[m[K [01;31m[Kerror: [m[Kclass â€˜[01m[KController[m[Kâ€™ does not have any field named â€˜[01m[KNode[m[Kâ€™
[1.328s]    10 | public: Controller() : [01;31m[KNode[m[K("controller")
[1.328s]       |                        [01;31m[K^~~~[m[K
[1.330s] [01m[K/home/tahnt/mech_devel/f1t_mech_ws/src/controller/src/controller.h:[m[K In function â€˜[01m[Kint main(int, char**)[m[Kâ€™:
[1.331s] [01m[K/home/tahnt/mech_devel/f1t_mech_ws/src/controller/src/controller.h:28:22:[m[K [01;31m[Kerror: [m[Kno matching function for call to â€˜[01m[Kspin(std::shared_ptr<Controller>&)[m[Kâ€™
[1.331s]    28 |     rclcpp::spin(node[01;31m[K)[m[K;
[1.331s]       |                      [01;31m[K^[m[K
[1.331s] In file included from [01m[K/opt/ros/galactic/include/rclcpp/rclcpp.hpp:156[m[K,
[1.331s]                  from [01m[K/home/tahnt/mech_devel/f1t_mech_ws/src/controller/src/controller.h:4[m[K,
[1.331s]                  from [01m[K/home/tahnt/mech_devel/f1t_mech_ws/src/controller/src/controller.cpp:1[m[K:
[1.331s] [01m[K/opt/ros/galactic/include/rclcpp/executors.hpp:45:1:[m[K [01;36m[Knote: [m[Kcandidate: â€˜[01m[Kvoid rclcpp::spin(rclcpp::node_interfaces::NodeBaseInterface::SharedPtr)[m[Kâ€™
[1.331s]    45 | [01;36m[Kspin[m[K(rclcpp::node_interfaces::NodeBaseInterface::SharedPtr node_ptr);
[1.331s]       | [01;36m[K^~~~[m[K
[1.331s] [01m[K/opt/ros/galactic/include/rclcpp/executors.hpp:45:60:[m[K [01;36m[Knote: [m[K  no known conversion for argument 1 from â€˜[01m[Kshared_ptr<[01;32m[KController[m[K>[m[Kâ€™ to â€˜[01m[Kshared_ptr<[01;32m[Krclcpp::node_interfaces::NodeBaseInterface[m[K>[m[Kâ€™
[1.331s]    45 | spin([01;36m[Krclcpp::node_interfaces::NodeBaseInterface::SharedPtr node_ptr[m[K);
[1.331s]       |      [01;36m[K~~~~~~~~~~~~~~~~~~~~~~~~~~~~~~~~~~~~~~~~~~~~~~~~~~~~~~^~~~~~~~[m[K
[1.331s] [01m[K/opt/ros/galactic/include/rclcpp/executors.hpp:49:1:[m[K [01;36m[Knote: [m[Kcandidate: â€˜[01m[Kvoid rclcpp::spin(rclcpp::Node::SharedPtr)[m[Kâ€™
[1.331s]    49 | [01;36m[Kspin[m[K(rclcpp::Node::SharedPtr node_ptr);
[1.331s]       | [01;36m[K^~~~[m[K
[1.331s] [01m[K/opt/ros/galactic/include/rclcpp/executors.hpp:49:30:[m[K [01;36m[Knote: [m[K  no known conversion for argument 1 from â€˜[01m[Kshared_ptr<[01;32m[KController[m[K>[m[Kâ€™ to â€˜[01m[Kshared_ptr<[01;32m[Krclcpp::Node[m[K>[m[Kâ€™
[1.331s]    49 | spin([01;36m[Krclcpp::Node::SharedPtr node_ptr[m[K);
[1.331s]       |      [01;36m[K~~~~~~~~~~~~~~~~~~~~~~~~^~~~~~~~[m[K
[1.332s] [01m[K/home/tahnt/mech_devel/f1t_mech_ws/src/controller/src/controller.cpp:[m[K In member function â€˜[01m[Kvoid Controller::parseParameters()[m[Kâ€™:
[1.332s] [01m[K/home/tahnt/mech_devel/f1t_mech_ws/src/controller/src/controller.cpp:5:11:[m[K [01;31m[Kerror: [m[Kâ€˜[01m[Kclass Controller[m[Kâ€™ has no member named â€˜[01m[Kdeclare_parameter[m[Kâ€™
[1.332s]     5 |     this->[01;31m[Kdeclare_parameter[m[K<std::string>("test");
[1.332s]       |           [01;31m[K^~~~~~~~~~~~~~~~~[m[K
[1.332s] [01m[K/home/tahnt/mech_devel/f1t_mech_ws/src/controller/src/controller.cpp:5:40:[m[K [01;31m[Kerror: [m[Kexpected primary-expression before â€˜[01m[K>[m[Kâ€™ token
[1.332s]     5 |     this->declare_parameter<std::string[01;31m[K>[m[K("test");
[1.332s]       |                                        [01;31m[K^[m[K
[1.332s] [01m[K/home/tahnt/mech_devel/f1t_mech_ws/src/controller/src/controller.cpp:6:11:[m[K [01;31m[Kerror: [m[Kâ€˜[01m[Kclass Controller[m[Kâ€™ has no member named â€˜[01m[Kget_parameter[m[Kâ€™
[1.332s]     6 |     this->[01;31m[Kget_parameter[m[K("test", test_);
[1.332s]       |           [01;31m[K^~~~~~~~~~~~~[m[K
[1.332s] In file included from [01m[K/opt/ros/galactic/include/rclcpp/service.hpp:34[m[K,
[1.332s]                  from [01m[K/opt/ros/galactic/include/rclcpp/callback_group.hpp:25[m[K,
[1.332s]                  from [01m[K/opt/ros/galactic/include/rclcpp/any_executable.hpp:20[m[K,
[1.332s]                  from [01m[K/opt/ros/galactic/include/rclcpp/memory_strategy.hpp:25[m[K,
[1.332s]                  from [01m[K/opt/ros/galactic/include/rclcpp/memory_strategies.hpp:18[m[K,
[1.332s]                  from [01m[K/opt/ros/galactic/include/rclcpp/executor_options.hpp:20[m[K,
[1.332s]                  from [01m[K/opt/ros/galactic/include/rclcpp/executor.hpp:36[m[K,
[1.332s]                  from [01m[K/opt/ros/galactic/include/rclcpp/executors/multi_threaded_executor.hpp:26[m[K,
[1.332s]                  from [01m[K/opt/ros/galactic/include/rclcpp/executors.hpp:21[m[K,
[1.332s]                  from [01m[K/opt/ros/galactic/include/rclcpp/rclcpp.hpp:156[m[K,
[1.332s]                  from [01m[K/home/tahnt/mech_devel/f1t_mech_ws/src/controller/src/controller.h:4[m[K,
[1.332s]                  from [01m[K/home/tahnt/mech_devel/f1t_mech_ws/src/controller/src/controller.cpp:1[m[K:
[1.332s] [01m[K/home/tahnt/mech_devel/f1t_mech_ws/src/controller/src/controller.cpp:8:23:[m[K [01;31m[Kerror: [m[Kâ€˜[01m[Kclass Controller[m[Kâ€™ has no member named â€˜[01m[Kget_logger[m[Kâ€™
[1.333s]     8 |     RCLCPP_INFO(this->[01;31m[Kget_logger[m[K(),"Test: %s", test_.c_str());
[1.333s]       |                       [01;31m[K^~~~~~~~~~[m[K
[1.333s] [01m[K/home/tahnt/mech_devel/f1t_mech_ws/src/controller/src/controller.cpp:8:23:[m[K [01;31m[Kerror: [m[Kâ€˜[01m[Kclass Controller[m[Kâ€™ has no member named â€˜[01m[Kget_logger[m[Kâ€™
[1.333s] [01m[K/home/tahnt/mech_devel/f1t_mech_ws/src/controller/src/controller.cpp:8:5:[m[K [01;31m[Kerror: [m[Ktemplate argument 1 is invalid
[1.333s]     8 |     [01;31m[KRCLCPP_INFO[m[K(this->get_logger(),"Test: %s", test_.c_str());
[1.333s]       |     [01;31m[K^~~~~~~~~~~[m[K
[1.333s] [01m[K/home/tahnt/mech_devel/f1t_mech_ws/src/controller/src/controller.cpp:8:5:[m[K [01;31m[Kerror: [m[Ktemplate argument 1 is invalid
[1.333s]     8 |     [01;31m[KRCLCPP_INFO[m[K(this->get_logger(),"Test: %s", test_.c_str());
[1.333s]       |     [01;31m[K^~~~~~~~~~~[m[K
[1.333s] [01m[K/home/tahnt/mech_devel/f1t_mech_ws/src/controller/src/controller.cpp:8:5:[m[K [01;31m[Kerror: [m[Ktemplate argument 1 is invalid
[1.333s]     8 |     [01;31m[KRCLCPP_INFO[m[K(this->get_logger(),"Test: %s", test_.c_str());
[1.333s]       |     [01;31m[K^~~~~~~~~~~[m[K
[1.333s] In file included from [01m[K/opt/ros/galactic/include/rclcpp/client.hpp:40[m[K,
[1.333s]                  from [01m[K/opt/ros/galactic/include/rclcpp/callback_group.hpp:23[m[K,
[1.333s]                  from [01m[K/opt/ros/galactic/include/rclcpp/any_executable.hpp:20[m[K,
[1.333s]                  from [01m[K/opt/ros/galactic/include/rclcpp/memory_strategy.hpp:25[m[K,
[1.333s]                  from [01m[K/opt/ros/galactic/include/rclcpp/memory_strategies.hpp:18[m[K,
[1.333s]                  from [01m[K/opt/ros/galactic/include/rclcpp/executor_options.hpp:20[m[K,
[1.333s]                  from [01m[K/opt/ros/galactic/include/rclcpp/executor.hpp:36[m[K,
[1.333s]                  from [01m[K/opt/ros/galactic/include/rclcpp/executors/multi_threaded_executor.hpp:26[m[K,
[1.333s]                  from [01m[K/opt/ros/galactic/include/rclcpp/executors.hpp:21[m[K,
[1.333s]                  from [01m[K/opt/ros/galactic/include/rclcpp/rclcpp.hpp:156[m[K,
[1.333s]                  from [01m[K/home/tahnt/mech_devel/f1t_mech_ws/src/controller/src/controller.h:4[m[K,
[1.334s]                  from [01m[K/home/tahnt/mech_devel/f1t_mech_ws/src/controller/src/controller.cpp:1[m[K:
[1.334s] [01m[K/home/tahnt/mech_devel/f1t_mech_ws/src/controller/src/controller.cpp:8:23:[m[K [01;31m[Kerror: [m[Kâ€˜[01m[Kclass Controller[m[Kâ€™ has no member named â€˜[01m[Kget_logger[m[Kâ€™
[1.334s]     8 |     RCLCPP_INFO(this->[01;31m[Kget_logger[m[K(),"Test: %s", test_.c_str());
[1.334s]       |                       [01;31m[K^~~~~~~~~~[m[K
[1.334s] [01m[K/home/tahnt/mech_devel/f1t_mech_ws/src/controller/src/controller.cpp:8:23:[m[K [01;31m[Kerror: [m[Kâ€˜[01m[Kclass Controller[m[Kâ€™ has no member named â€˜[01m[Kget_logger[m[Kâ€™
[1.334s]     8 |     RCLCPP_INFO(this->[01;31m[Kget_logger[m[K(),"Test: %s", test_.c_str());
[1.334s]       |                       [01;31m[K^~~~~~~~~~[m[K
[1.774s] make[2]: *** [CMakeFiles/controller.dir/build.make:63: CMakeFiles/controller.dir/src/controller.cpp.o] Error 1
[1.775s] make[1]: *** [CMakeFiles/Makefile2:78: CMakeFiles/controller.dir/all] Error 2
[1.775s] make: *** [Makefile:141: all] Error 2
[1.779s] Invoked command in '/home/tahnt/mech_devel/f1t_mech_ws/build/controller' returned '2': CMAKE_PREFIX_PATH=${CMAKE_PREFIX_PATH}:/opt/ros/galactic /usr/bin/cmake --build /home/tahnt/mech_devel/f1t_mech_ws/build/controller -- -j4 -l4
