[0.103s] Invoking command in '/home/f1t/mech_devel/f1t_mech_ws/build/img_proc': CMAKE_PREFIX_PATH=${CMAKE_PREFIX_PATH}:/opt/ros/galactic /usr/bin/cmake --build /home/f1t/mech_devel/f1t_mech_ws/build/img_proc -- -j6 -l6
[0.409s] [35m[1mScanning dependencies of target img_proc_node[0m
[0.736s] [ 50%] [32mBuilding CXX object CMakeFiles/img_proc_node.dir/src/img_proc_node.cpp.o[0m
[15.608s] [01m[K/home/f1t/mech_devel/f1t_mech_ws/src/img_proc/src/img_proc_node.cpp:[m[K In member function â€˜[01m[Kvoid ImageProcessor::processImage(sensor_msgs::msg::Image_<std::allocator<void> >::SharedPtr)[m[Kâ€™:
[15.609s] [01m[K/home/f1t/mech_devel/f1t_mech_ws/src/img_proc/src/img_proc_node.cpp:51:21:[m[K [01;31m[Kerror: [m[Kâ€˜[01m[Khough_transform[m[Kâ€™ was not declared in this scope; did you mean â€˜[01m[KhoughTransform[m[Kâ€™?
[15.610s]    51 |         hough_img = [01;31m[Khough_transform[m[K(raw_copy1);
[15.611s]       |                     [01;31m[K^~~~~~~~~~~~~~~[m[K
[15.611s]       |                     [32m[KhoughTransform[m[K
[15.612s] [01m[K/home/f1t/mech_devel/f1t_mech_ws/src/img_proc/src/img_proc_node.cpp:61:13:[m[K [01;31m[Kerror: [m[Kâ€˜[01m[Kwaitkey[m[Kâ€™ is not a member of â€˜[01m[Kcv[m[Kâ€™; did you mean â€˜[01m[KwaitKey[m[Kâ€™?
[15.613s]    61 |         cv::[01;31m[Kwaitkey[m[K(1);
[15.613s]       |             [01;31m[K^~~~~~~[m[K
[15.614s]       |             [32m[KwaitKey[m[K
[27.022s] make[2]: *** [CMakeFiles/img_proc_node.dir/build.make:63: CMakeFiles/img_proc_node.dir/src/img_proc_node.cpp.o] Error 1
[27.024s] make[1]: *** [CMakeFiles/Makefile2:78: CMakeFiles/img_proc_node.dir/all] Error 2
[27.024s] make: *** [Makefile:141: all] Error 2
[27.037s] Invoked command in '/home/f1t/mech_devel/f1t_mech_ws/build/img_proc' returned '2': CMAKE_PREFIX_PATH=${CMAKE_PREFIX_PATH}:/opt/ros/galactic /usr/bin/cmake --build /home/f1t/mech_devel/f1t_mech_ws/build/img_proc -- -j6 -l6
