[0.104s] Invoking command in '/home/f1t/mech_devel/f1t_mech_ws/build/img_proc': CMAKE_PREFIX_PATH=${CMAKE_PREFIX_PATH}:/opt/ros/galactic /usr/bin/cmake --build /home/f1t/mech_devel/f1t_mech_ws/build/img_proc -- -j6 -l6
[0.355s] [35m[1mScanning dependencies of target img_proc_node[0m
[0.708s] [ 50%] [32mBuilding CXX object CMakeFiles/img_proc_node.dir/src/img_proc_node.cpp.o[0m
[18.756s] [01m[K/home/f1t/mech_devel/f1t_mech_ws/src/img_proc/src/img_proc_node.cpp:[m[K In member function â€˜[01m[Kvoid ImageProcessor::parseParameters()[m[Kâ€™:
[18.758s] [01m[K/home/f1t/mech_devel/f1t_mech_ws/src/img_proc/src/img_proc_node.cpp:12:5:[m[K [01;31m[Kerror: [m[Kâ€˜[01m[KErosion[m[Kâ€™ was not declared in this scope
[18.758s]    12 |     [01;31m[KErosion[m[K and Dilation parameters
[18.759s]       |     [01;31m[K^~~~~~~[m[K
[18.776s] [01m[K/home/f1t/mech_devel/f1t_mech_ws/src/img_proc/src/img_proc_node.cpp:12:17:[m[K [01;31m[Kerror: [m[Kâ€˜[01m[KDilation[m[Kâ€™ was not declared in this scope; did you mean â€˜[01m[Ksigaction[m[Kâ€™?
[18.777s]    12 |     Erosion and [01;31m[KDilation[m[K parameters
[18.779s]       |                 [01;31m[K^~~~~~~~[m[K
[18.780s]       |                 [32m[Ksigaction[m[K
[18.807s] [01m[K/home/f1t/mech_devel/f1t_mech_ws/src/img_proc/src/img_proc_node.cpp:14:38:[m[K [01;31m[Kerror: [m[Kâ€˜[01m[Kerode_size_[m[Kâ€™ was not declared in this scope
[18.808s]    14 |     this->get_parameter("erode_size",[01;31m[Kerode_size_[m[K);
[18.808s]       |                                      [01;31m[K^~~~~~~~~~~[m[K
[18.851s] [01m[K/home/f1t/mech_devel/f1t_mech_ws/src/img_proc/src/img_proc_node.cpp:17:39:[m[K [01;31m[Kerror: [m[Kâ€˜[01m[Kdilate_size_[m[Kâ€™ was not declared in this scope
[18.852s]    17 |     this->get_parameter("dilate_size",[01;31m[Kdilate_size_[m[K);
[18.852s]       |                                       [01;31m[K^~~~~~~~~~~~[m[K
[18.935s] [01m[K/home/f1t/mech_devel/f1t_mech_ws/src/img_proc/src/img_proc_node.cpp:[m[K In member function â€˜[01m[Kvoid ImageProcessor::processImage(sensor_msgs::msg::Image_<std::allocator<void> >::SharedPtr)[m[Kâ€™:
[18.935s] [01m[K/home/f1t/mech_devel/f1t_mech_ws/src/img_proc/src/img_proc_node.cpp:73:23:[m[K [01;31m[Kerror: [m[Kâ€˜[01m[KwayPointGen[m[Kâ€™ was not declared in this scope; did you mean â€˜[01m[KwaypointGen[m[Kâ€™?
[18.937s]    73 |         process_img = [01;31m[KwayPointGen[m[K(raw_copy1);
[18.938s]       |                       [01;31m[K^~~~~~~~~~~[m[K
[18.938s]       |                       [32m[KwaypointGen[m[K
[18.986s] [01m[K/home/f1t/mech_devel/f1t_mech_ws/src/img_proc/src/img_proc_node.cpp:[m[K In member function â€˜[01m[Kvoid ImageProcessor::erosionDilation(cv::Mat&)[m[Kâ€™:
[18.988s] [01m[K/home/f1t/mech_devel/f1t_mech_ws/src/img_proc/src/img_proc_node.cpp:137:77:[m[K [01;31m[Kerror: [m[Kâ€˜[01m[Kerode_size_[m[Kâ€™ was not declared in this scope
[18.989s]   137 | s_elem=cv::getStructuringElement(cv::MORPH_RECT,cv::Size(int([01;31m[Kerode_size_[m[K[0]), int(erode_size_[1])));
[18.991s]       |                                                              [01;31m[K^~~~~~~~~~~[m[K
[18.993s] 
[19.016s] [01m[K/home/f1t/mech_devel/f1t_mech_ws/src/img_proc/src/img_proc_node.cpp:138:77:[m[K [01;31m[Kerror: [m[Kâ€˜[01m[Kdilate_size_[m[Kâ€™ was not declared in this scope
[19.017s]   138 | l_elem=cv::getStructuringElement(cv::MORPH_RECT,cv::Size(int([01;31m[Kdilate_size_[m[K[0]), int(dilate_size_[1])));
[19.017s]       |                                                              [01;31m[K^~~~~~~~~~~~[m[K
[19.018s] 
[19.061s] [01m[K/home/f1t/mech_devel/f1t_mech_ws/src/img_proc/src/img_proc_node.cpp:[m[K At global scope:
[19.062s] [01m[K/home/f1t/mech_devel/f1t_mech_ws/src/img_proc/src/img_proc_node.cpp:179:9:[m[K [01;31m[Kerror: [m[Kno declaration matches â€˜[01m[Kcv::Mat ImageProcessor::wayPointGen(cv::Mat&)[m[Kâ€™
[19.062s]   179 | cv::Mat [01;31m[KImageProcessor[m[K::wayPointGen(cv::Mat& img)
[19.063s]       |         [01;31m[K^~~~~~~~~~~~~~[m[K
[19.063s] [01m[K/home/f1t/mech_devel/f1t_mech_ws/src/img_proc/src/img_proc_node.cpp:179:9:[m[K [01;36m[Knote: [m[Kno functions named â€˜[01m[Kcv::Mat ImageProcessor::wayPointGen(cv::Mat&)[m[Kâ€™
[19.064s] In file included from [01m[K/home/f1t/mech_devel/f1t_mech_ws/src/img_proc/src/img_proc_node.cpp:1[m[K:
[19.065s] [01m[K/home/f1t/mech_devel/f1t_mech_ws/src/img_proc/src/img_proc_node.h:9:7:[m[K [01;36m[Knote: [m[Kâ€˜[01m[Kclass ImageProcessor[m[Kâ€™ defined here
[19.065s]     9 | class [01;36m[KImageProcessor[m[K : public rclcpp::Node
[19.066s]       |       [01;36m[K^~~~~~~~~~~~~~[m[K
[32.217s] make[2]: *** [CMakeFiles/img_proc_node.dir/build.make:63: CMakeFiles/img_proc_node.dir/src/img_proc_node.cpp.o] Error 1
[32.218s] make[1]: *** [CMakeFiles/Makefile2:78: CMakeFiles/img_proc_node.dir/all] Error 2
[32.219s] make: *** [Makefile:141: all] Error 2
[32.230s] Invoked command in '/home/f1t/mech_devel/f1t_mech_ws/build/img_proc' returned '2': CMAKE_PREFIX_PATH=${CMAKE_PREFIX_PATH}:/opt/ros/galactic /usr/bin/cmake --build /home/f1t/mech_devel/f1t_mech_ws/build/img_proc -- -j6 -l6
