[0.015s] Invoking command in '/home/tahnt/mech_devel/f1t_mech_ws/build/img_proc': CMAKE_PREFIX_PATH=/opt/ros/galactic /usr/bin/cmake --build /home/tahnt/mech_devel/f1t_mech_ws/build/img_proc -- -j4 -l4
[0.058s] [35m[1mScanning dependencies of target img_proc_node[0m
[0.094s] [ 50%] [32mBuilding CXX object CMakeFiles/img_proc_node.dir/src/img_proc_node.cpp.o[0m
[0.208s] In file included from [01m[K/home/tahnt/mech_devel/f1t_mech_ws/src/img_proc/src/img_proc_node.cpp:1[m[K:
[0.208s] [01m[K/home/tahnt/mech_devel/f1t_mech_ws/src/img_proc/src/img_proc_node.h:3:10:[m[K [01;31m[Kfatal error: [m[Kstd_msgs/msg/Int.hpp: No such file or directory
[0.208s]     3 | #include [01;31m[K<std_msgs/msg/Int.hpp>[m[K
[0.208s]       |          [01;31m[K^~~~~~~~~~~~~~~~~~~~~~[m[K
[0.208s] compilation terminated.
[0.211s] make[2]: *** [CMakeFiles/img_proc_node.dir/build.make:63: CMakeFiles/img_proc_node.dir/src/img_proc_node.cpp.o] Error 1
[0.212s] make[1]: *** [CMakeFiles/Makefile2:78: CMakeFiles/img_proc_node.dir/all] Error 2
[0.212s] make: *** [Makefile:141: all] Error 2
[0.215s] Invoked command in '/home/tahnt/mech_devel/f1t_mech_ws/build/img_proc' returned '2': CMAKE_PREFIX_PATH=/opt/ros/galactic /usr/bin/cmake --build /home/tahnt/mech_devel/f1t_mech_ws/build/img_proc -- -j4 -l4
