[0.252s] Invoking command in '/home/f1t/mech_devel/f1t_mech_ws/build/img_proc': CMAKE_PREFIX_PATH=${CMAKE_PREFIX_PATH}:/opt/ros/galactic /usr/bin/cmake --build /home/f1t/mech_devel/f1t_mech_ws/build/img_proc -- -j6 -l6
[0.546s] [35m[1mScanning dependencies of target img_proc_node[0m
[0.906s] [ 50%] [32mBuilding CXX object CMakeFiles/img_proc_node.dir/src/img_proc_node.cpp.o[0m
[16.044s] [01m[K/home/f1t/mech_devel/f1t_mech_ws/src/img_proc/src/img_proc_node.cpp:[m[K In member function â€˜[01m[Kvoid ImageProcessor::parseParameters()[m[Kâ€™:
[16.045s] [01m[K/home/f1t/mech_devel/f1t_mech_ws/src/img_proc/src/img_proc_node.cpp:14:38:[m[K [01;31m[Kerror: [m[Kâ€˜[01m[Kerode_size_[m[Kâ€™ was not declared in this scope
[16.046s]    14 |     this->get_parameter("erode_size",[01;31m[Kerode_size_[m[K);
[16.047s]       |                                      [01;31m[K^~~~~~~~~~~[m[K
[16.077s] [01m[K/home/f1t/mech_devel/f1t_mech_ws/src/img_proc/src/img_proc_node.cpp:17:39:[m[K [01;31m[Kerror: [m[Kâ€˜[01m[Kdilate_size_[m[Kâ€™ was not declared in this scope
[16.078s]    17 |     this->get_parameter("dilate_size",[01;31m[Kdilate_size_[m[K);
[16.078s]       |                                       [01;31m[K^~~~~~~~~~~~[m[K
[27.723s] make[2]: *** [CMakeFiles/img_proc_node.dir/build.make:63: CMakeFiles/img_proc_node.dir/src/img_proc_node.cpp.o] Error 1
[27.724s] make[1]: *** [CMakeFiles/Makefile2:78: CMakeFiles/img_proc_node.dir/all] Error 2
[27.725s] make: *** [Makefile:141: all] Error 2
[27.739s] Invoked command in '/home/f1t/mech_devel/f1t_mech_ws/build/img_proc' returned '2': CMAKE_PREFIX_PATH=${CMAKE_PREFIX_PATH}:/opt/ros/galactic /usr/bin/cmake --build /home/f1t/mech_devel/f1t_mech_ws/build/img_proc -- -j6 -l6
