[35m[1mScanning dependencies of target img_proc_node[0m
[ 50%] [32mBuilding CXX object CMakeFiles/img_proc_node.dir/src/img_proc_node.cpp.o[0m
[01m[K/home/tahnt/mech_devel/f1t_mech_ws/src/img_proc/src/img_proc_node.cpp:[m[K In member function â€˜[01m[Kvoid ImageProcessor::processImage(sensor_msgs::msg::Image_<std::allocator<void> >::SharedPtr)[m[Kâ€™:
[01m[K/home/tahnt/mech_devel/f1t_mech_ws/src/img_proc/src/img_proc_node.cpp:51:61:[m[K [01;31m[Kerror: [m[Kâ€˜[01m[Kraw_image[m[Kâ€™ was not declared in this scope; did you mean â€˜[01m[Kraw_img[m[Kâ€™?
   51 |         cv::Point origin = cv::Point(raw_img.size().width/2,[01;31m[Kraw_image[m[K.size().height);
      |                                                             [01;31m[K^~~~~~~~~[m[K
      |                                                             [32m[Kraw_img[m[K
make[2]: *** [CMakeFiles/img_proc_node.dir/build.make:63: CMakeFiles/img_proc_node.dir/src/img_proc_node.cpp.o] Error 1
make[1]: *** [CMakeFiles/Makefile2:78: CMakeFiles/img_proc_node.dir/all] Error 2
make: *** [Makefile:141: all] Error 2
