[0.102s] Invoking command in '/home/f1t/mech_devel/f1t_mech_ws/build/img_proc': CMAKE_PREFIX_PATH=${CMAKE_PREFIX_PATH}:/opt/ros/galactic /usr/bin/cmake --build /home/f1t/mech_devel/f1t_mech_ws/build/img_proc -- -j6 -l6
[0.421s] [35m[1mScanning dependencies of target img_proc_node[0m
[0.764s] [ 50%] [32mBuilding CXX object CMakeFiles/img_proc_node.dir/src/img_proc_node.cpp.o[0m
[36.762s] [01m[K/home/f1t/mech_devel/f1t_mech_ws/src/img_proc/src/img_proc_node.cpp:[m[K In member function â€˜[01m[Kvoid ImageProcessor::histogram(cv::Mat&)[m[Kâ€™:
[36.763s] [01m[K/home/f1t/mech_devel/f1t_mech_ws/src/img_proc/src/img_proc_node.cpp:136:53:[m[K [01;31m[Kerror: [m[Kexpected â€˜[01m[K][m[Kâ€™ before â€˜[01m[K:[m[Kâ€™ token
[36.764s]   136 |     histogram = nc::sum(img[int(img.size().height/2)[01;31m[K:[m[K,:], axis=0);
[36.765s]       |                                                     [01;31m[K^[m[K
[36.766s]       |                                                     [32m[K][m[K
[36.767s] [01m[K/home/f1t/mech_devel/f1t_mech_ws/src/img_proc/src/img_proc_node.cpp:136:28:[m[K [01;31m[Kerror: [m[Kno match for â€˜[01m[Koperator[][m[Kâ€™ (operand types are â€˜[01m[Kcv::Mat[m[Kâ€™ and â€˜[01m[Kint[m[Kâ€™)
[36.767s]   136 |     histogram = nc::sum(img[01;31m[K[[m[Kint(img.size().height/2):,:], axis=0);
[36.768s]       |                            [01;31m[K^[m[K
[36.768s] [01m[K/home/f1t/mech_devel/f1t_mech_ws/src/img_proc/src/img_proc_node.cpp:136:55:[m[K [01;31m[Kerror: [m[Kexpected primary-expression before â€˜[01m[K:[m[Kâ€™ token
[36.769s]   136 |     histogram = nc::sum(img[int(img.size().height/2):,[01;31m[K:[m[K], axis=0);
[36.769s]       |                                                       [01;31m[K^[m[K
[54.984s] make[2]: *** [CMakeFiles/img_proc_node.dir/build.make:63: CMakeFiles/img_proc_node.dir/src/img_proc_node.cpp.o] Error 1
[54.987s] make[1]: *** [CMakeFiles/Makefile2:78: CMakeFiles/img_proc_node.dir/all] Error 2
[54.988s] make: *** [Makefile:141: all] Error 2
[54.999s] Invoked command in '/home/f1t/mech_devel/f1t_mech_ws/build/img_proc' returned '2': CMAKE_PREFIX_PATH=${CMAKE_PREFIX_PATH}:/opt/ros/galactic /usr/bin/cmake --build /home/f1t/mech_devel/f1t_mech_ws/build/img_proc -- -j6 -l6
