[01m[K/home/tahnt/mech_devel/f1t_mech_ws/src/img_proc/src/img_proc_node.cpp:[m[K In member function â€˜[01m[Kvoid ImageProcessor::processImage(sensor_msgs::msg::Image_<std::allocator<void> >::SharedPtr)[m[Kâ€™:
[01m[K/home/tahnt/mech_devel/f1t_mech_ws/src/img_proc/src/img_proc_node.cpp:75:42:[m[K [01;31m[Kerror: [m[Kâ€˜[01m[Kprocess_img[m[Kâ€™ was not declared in this scope; did you mean â€˜[01m[KprocessImage[m[Kâ€™?
   75 |         cv::imshow("Contour Processing", [01;31m[Kprocess_img[m[K);
      |                                          [01;31m[K^~~~~~~~~~~[m[K
      |                                          [32m[KprocessImage[m[K
make[2]: *** [CMakeFiles/img_proc_node.dir/build.make:63: CMakeFiles/img_proc_node.dir/src/img_proc_node.cpp.o] Error 1
make[1]: *** [CMakeFiles/Makefile2:78: CMakeFiles/img_proc_node.dir/all] Error 2
make: *** [Makefile:141: all] Error 2
