[01m[K/home/tahnt/mech_devel/f1t_mech_ws/src/img_proc/src/img_proc_node.cpp:[m[K In member function â€˜[01m[Kvoid ImageProcessor::processImage(sensor_msgs::msg::Image_<std::allocator<void> >::SharedPtr)[m[Kâ€™:
[01m[K/home/tahnt/mech_devel/f1t_mech_ws/src/img_proc/src/img_proc_node.cpp:61:21:[m[K [01;31m[Kerror: [m[Kâ€˜[01m[Kusing Int32 = struct std_msgs::msg::Int32_<std::allocator<void> >[m[Kâ€™ {aka â€˜[01m[Kstruct std_msgs::msg::Int32_<std::allocator<void> >[m[Kâ€™} has no member named â€˜[01m[Klat_err[m[Kâ€™
   61 |         lat_err_msg.[01;31m[Klat_err[m[K = lat_err;
      |                     [01;31m[K^~~~~~~[m[K
[01m[K/home/tahnt/mech_devel/f1t_mech_ws/src/img_proc/src/img_proc_node.cpp:62:21:[m[K [01;31m[Kerror: [m[Kâ€˜[01m[Kusing Float32 = struct std_msgs::msg::Float32_<std::allocator<void> >[m[Kâ€™ {aka â€˜[01m[Kstruct std_msgs::msg::Float32_<std::allocator<void> >[m[Kâ€™} has no member named â€˜[01m[Kyaw_err[m[Kâ€™
   62 |         yaw_err_msg.[01;31m[Kyaw_err[m[K = yaw_err;
      |                     [01;31m[K^~~~~~~[m[K
[01m[K/home/tahnt/mech_devel/f1t_mech_ws/src/img_proc/src/img_proc_node.cpp:64:21:[m[K [01;31m[Kerror: [m[Kâ€˜[01m[Kusing Int32 = struct std_msgs::msg::Int32_<std::allocator<void> >[m[Kâ€™ {aka â€˜[01m[Kstruct std_msgs::msg::Int32_<std::allocator<void> >[m[Kâ€™} has no member named â€˜[01m[Kheader[m[Kâ€™
   64 |         lat_err_msg.[01;31m[Kheader[m[K.stamp = get_clock()->now();
      |                     [01;31m[K^~~~~~[m[K
[01m[K/home/tahnt/mech_devel/f1t_mech_ws/src/img_proc/src/img_proc_node.cpp:65:21:[m[K [01;31m[Kerror: [m[Kâ€˜[01m[Kusing Float32 = struct std_msgs::msg::Float32_<std::allocator<void> >[m[Kâ€™ {aka â€˜[01m[Kstruct std_msgs::msg::Float32_<std::allocator<void> >[m[Kâ€™} has no member named â€˜[01m[Kheader[m[Kâ€™
   65 |         yaw_err_msg.[01;31m[Kheader[m[K.stamp = get_clock()->now();
      |                     [01;31m[K^~~~~~[m[K
make[2]: *** [CMakeFiles/img_proc_node.dir/build.make:63: CMakeFiles/img_proc_node.dir/src/img_proc_node.cpp.o] Error 1
make[1]: *** [CMakeFiles/Makefile2:78: CMakeFiles/img_proc_node.dir/all] Error 2
make: *** [Makefile:141: all] Error 2
