[0.012s] Invoking command in '/home/tahnt/mech_devel/f1t_mech_ws/build/img_proc': CMAKE_PREFIX_PATH=${CMAKE_PREFIX_PATH}:/opt/ros/galactic /usr/bin/cmake --build /home/tahnt/mech_devel/f1t_mech_ws/build/img_proc -- -j4 -l4
[0.043s] -- Found ament_cmake: 1.1.6 (/opt/ros/galactic/share/ament_cmake/cmake)
[0.063s] -- Found PythonInterp: /usr/bin/python3 (found suitable version "3.8.10", minimum required is "3") 
[0.064s] -- Using PYTHON_EXECUTABLE: /usr/bin/python3
[0.110s] -- Found rclcpp: 9.2.2 (/opt/ros/galactic/share/rclcpp/cmake)
[0.142s] -- Using all available rosidl_typesupport_c: rosidl_typesupport_fastrtps_c;rosidl_typesupport_introspection_c
[0.144s] -- Found rosidl_adapter: 2.2.3 (/opt/ros/galactic/share/rosidl_adapter/cmake)
[0.238s] -- Using all available rosidl_typesupport_cpp: rosidl_typesupport_fastrtps_cpp;rosidl_typesupport_introspection_cpp
[0.281s] -- Found rmw_implementation_cmake: 3.3.1 (/opt/ros/galactic/share/rmw_implementation_cmake/cmake)
[0.282s] -- Found rmw_cyclonedds_cpp: 0.22.6 (/opt/ros/galactic/share/rmw_cyclonedds_cpp/cmake)
[0.298s] -- Using RMW implementation 'rmw_cyclonedds_cpp' as default
[0.410s] -- Found sensor_msgs: 2.2.4 (/opt/ros/galactic/share/sensor_msgs/cmake)
[0.500s] -- Found cv_bridge: 3.1.3 (/opt/ros/galactic/share/cv_bridge/cmake)
[0.521s] -- Found rosidl_default_generators: 1.1.1 (/opt/ros/galactic/share/rosidl_default_generators/cmake)
[0.582s] -- Configuring done
[0.596s] -- Generating done
[0.598s] -- Build files have been written to: /home/tahnt/mech_devel/f1t_mech_ws/build/img_proc
[0.630s] [35m[1mScanning dependencies of target img_proc_node[0m
[0.675s] [ 50%] [32mBuilding CXX object CMakeFiles/img_proc_node.dir/src/img_proc_node.cpp.o[0m
[2.872s] [01m[K/home/tahnt/mech_devel/f1t_mech_ws/src/img_proc/src/img_proc_node.cpp:[m[K In member function â€˜[01m[Kvoid ImageProcessor::processImage(sensor_msgs::msg::Image_<std::allocator<void> >::SharedPtr)[m[Kâ€™:
[2.872s] [01m[K/home/tahnt/mech_devel/f1t_mech_ws/src/img_proc/src/img_proc_node.cpp:61:21:[m[K [01;31m[Kerror: [m[Kâ€˜[01m[Kusing Int32 = struct std_msgs::msg::Int32_<std::allocator<void> >[m[Kâ€™ {aka â€˜[01m[Kstruct std_msgs::msg::Int32_<std::allocator<void> >[m[Kâ€™} has no member named â€˜[01m[Klat_err[m[Kâ€™
[2.872s]    61 |         lat_err_msg.[01;31m[Klat_err[m[K = lat_err;
[2.872s]       |                     [01;31m[K^~~~~~~[m[K
[2.872s] [01m[K/home/tahnt/mech_devel/f1t_mech_ws/src/img_proc/src/img_proc_node.cpp:62:21:[m[K [01;31m[Kerror: [m[Kâ€˜[01m[Kusing Float32 = struct std_msgs::msg::Float32_<std::allocator<void> >[m[Kâ€™ {aka â€˜[01m[Kstruct std_msgs::msg::Float32_<std::allocator<void> >[m[Kâ€™} has no member named â€˜[01m[Kyaw_err[m[Kâ€™
[2.872s]    62 |         yaw_err_msg.[01;31m[Kyaw_err[m[K = yaw_err;
[2.872s]       |                     [01;31m[K^~~~~~~[m[K
[2.872s] [01m[K/home/tahnt/mech_devel/f1t_mech_ws/src/img_proc/src/img_proc_node.cpp:64:21:[m[K [01;31m[Kerror: [m[Kâ€˜[01m[Kusing Int32 = struct std_msgs::msg::Int32_<std::allocator<void> >[m[Kâ€™ {aka â€˜[01m[Kstruct std_msgs::msg::Int32_<std::allocator<void> >[m[Kâ€™} has no member named â€˜[01m[Kheader[m[Kâ€™
[2.872s]    64 |         lat_err_msg.[01;31m[Kheader[m[K.stamp = get_clock()->now();
[2.872s]       |                     [01;31m[K^~~~~~[m[K
[2.872s] [01m[K/home/tahnt/mech_devel/f1t_mech_ws/src/img_proc/src/img_proc_node.cpp:65:21:[m[K [01;31m[Kerror: [m[Kâ€˜[01m[Kusing Float32 = struct std_msgs::msg::Float32_<std::allocator<void> >[m[Kâ€™ {aka â€˜[01m[Kstruct std_msgs::msg::Float32_<std::allocator<void> >[m[Kâ€™} has no member named â€˜[01m[Kheader[m[Kâ€™
[2.873s]    65 |         yaw_err_msg.[01;31m[Kheader[m[K.stamp = get_clock()->now();
[2.873s]       |                     [01;31m[K^~~~~~[m[K
[5.141s] make[2]: *** [CMakeFiles/img_proc_node.dir/build.make:63: CMakeFiles/img_proc_node.dir/src/img_proc_node.cpp.o] Error 1
[5.141s] make[1]: *** [CMakeFiles/Makefile2:78: CMakeFiles/img_proc_node.dir/all] Error 2
[5.141s] make: *** [Makefile:141: all] Error 2
[5.145s] Invoked command in '/home/tahnt/mech_devel/f1t_mech_ws/build/img_proc' returned '2': CMAKE_PREFIX_PATH=${CMAKE_PREFIX_PATH}:/opt/ros/galactic /usr/bin/cmake --build /home/tahnt/mech_devel/f1t_mech_ws/build/img_proc -- -j4 -l4
